[0mGET / [32m200[0m 234.203 ms - 4161[0m
[0mGET /favicon.ico [33m404[0m 26.391 ms - 150[0m
[0mGET /users/sign-in [32m200[0m 9.865 ms - 2027[0m
[0mGET /users/css/layout.css [33m404[0m 12.540 ms - 159[0m
[0mGET /users/css/footer.css [33m404[0m 19.122 ms - 159[0m
[0mGET /users/css/header.css [33m404[0m 23.384 ms - 159[0m
[0mGET /users/sign-up [32m200[0m 6.637 ms - 2291[0m
[0mGET /users/css/header.css [33m404[0m 10.819 ms - 159[0m
[0mGET /users/css/layout.css [33m404[0m 10.064 ms - 159[0m
[0mGET /users/css/footer.css [33m404[0m 12.450 ms - 159[0m
[0mPOST /users/create [36m302[0m 197.534 ms - 72[0m
[0mGET /users/sign-in [36m304[0m 5.565 ms - -[0m
[0mGET /users/css/header.css [33m404[0m 11.447 ms - 159[0m
[0mGET /users/css/layout.css [33m404[0m 12.388 ms - 159[0m
[0mGET /users/css/footer.css [33m404[0m 20.178 ms - 159[0m
[0mGET /users/css/layout.css [33m404[0m 6.513 ms - 159[0m
[0mGET /users/css/header.css [33m404[0m 11.304 ms - 159[0m
[0mGET /users/sign-in [36m304[0m 5.454 ms - -[0m
[0mGET /users/css/layout.css [33m404[0m 10.490 ms - 159[0m
[0mGET /users/css/header.css [33m404[0m 7.791 ms - 159[0m
[0mGET /users/css/footer.css [33m404[0m 8.608 ms - 159[0m
[0mPOST /users/create-session [36m302[0m 13.654 ms - 46[0m
[0mGET / [32m200[0m 15.361 ms - 5760[0m
[0mGET /users/profile/ [33m404[0m 5.204 ms - 153[0m
[0mGET /users/profile/64d63698110c1f593237d1c9 [32m200[0m 108.625 ms - 3730[0m
[0mGET /users/profile/css/layout.css [33m404[0m 25.904 ms - 167[0m
[0mGET /users/profile/css/footer.css [33m404[0m 19.634 ms - 167[0m
[0mGET /users/profile/css/header.css [33m404[0m 25.640 ms - 167[0m
[0mGET /users/profile/_header.ejs [0m-[0m - ms - -[0m
[0mGET / [32m200[0m 12.607 ms - 5490[0m
[0mGET / [36m304[0m 14.520 ms - -[0m
[0mGET / [36m304[0m 11.907 ms - -[0m
[0mGET / [32m200[0m 11.865 ms - 5483[0m
[0mGET / [32m200[0m 12.585 ms - 5486[0m
[0mGET / [36m304[0m 10.593 ms - -[0m
[0mGET / [36m304[0m 23.521 ms - -[0m
[0mGET / [36m304[0m 12.747 ms - -[0m
[0mGET / [36m304[0m 43.549 ms - -[0m
[0mGET / [36m304[0m 12.934 ms - -[0m
[0mGET / [36m304[0m 18.114 ms - -[0m
[0mGET / [32m200[0m 9.876 ms - 5500[0m
[0mGET / [36m304[0m 10.147 ms - -[0m
[0mGET / [36m304[0m 12.610 ms - -[0m
[0mGET / [36m304[0m 13.173 ms - -[0m
[0mGET / [36m304[0m 14.146 ms - -[0m
[0mGET / [36m304[0m 14.917 ms - -[0m
[0mGET / [36m304[0m 16.592 ms - -[0m
[0mGET / [36m304[0m 18.078 ms - -[0m
[0mGET / [36m304[0m 11.947 ms - -[0m
[0mGET / [36m304[0m 10.614 ms - -[0m
[0mGET / [36m304[0m 12.746 ms - -[0m
[0mGET / [36m304[0m 10.182 ms - -[0m
[0mGET / [36m304[0m 11.863 ms - -[0m
[0mGET / [36m304[0m 8.965 ms - -[0m
[0mGET / [36m304[0m 8.957 ms - -[0m
[0mGET / [36m304[0m 8.941 ms - -[0m
[0mGET / [36m304[0m 11.755 ms - -[0m
[0mGET / [36m304[0m 10.228 ms - -[0m
[0mGET / [36m304[0m 13.320 ms - -[0m
[0mGET / [36m304[0m 14.969 ms - -[0m
[0mGET / [36m304[0m 12.888 ms - -[0m
[0mGET / [36m304[0m 16.630 ms - -[0m
[0mGET / [36m304[0m 9.780 ms - -[0m
[0mGET / [36m304[0m 9.667 ms - -[0m
[0mGET / [36m304[0m 9.616 ms - -[0m
[0mGET / [36m304[0m 9.683 ms - -[0m
[0mGET / [36m304[0m 11.404 ms - -[0m
[0mGET / [36m304[0m 19.946 ms - -[0m
[0mGET / [36m304[0m 11.597 ms - -[0m
[0mGET / [36m304[0m 13.018 ms - -[0m
[0mGET / [36m304[0m 12.876 ms - -[0m
[0mGET / [36m304[0m 9.812 ms - -[0m
[0mGET / [36m304[0m 9.939 ms - -[0m
[0mGET / [36m304[0m 11.688 ms - -[0m
[0mGET / [36m304[0m 10.098 ms - -[0m
[0mGET / [36m304[0m 10.322 ms - -[0m
[0mGET / [36m304[0m 9.159 ms - -[0m
[0mGET / [36m304[0m 12.957 ms - -[0m
[0mGET / [36m304[0m 10.816 ms - -[0m
[0mGET / [36m304[0m 10.148 ms - -[0m
[0mGET / [36m304[0m 9.389 ms - -[0m
[0mGET / [32m200[0m 20.221 ms - 5821[0m
[0mGET / [36m304[0m 10.667 ms - -[0m
[0mGET / [36m304[0m 12.113 ms - -[0m
[0mGET /users/profile/64d63698110c1f593237d1c9 [32m200[0m 12.040 ms - 4478[0m
[0mGET /users/profile/css/layout.css [33m404[0m 16.959 ms - 167[0m
[0mGET /users/profile/css/header.css [33m404[0m 18.340 ms - 167[0m
[0mGET /users/profile/css/footer.css [33m404[0m 18.637 ms - 167[0m
[0mGET /users/profile/_header.ejs [0m-[0m - ms - -[0m
[0mGET / [32m200[0m 8.386 ms - 5749[0m
[0mGET / [36m304[0m 9.925 ms - -[0m
[0mGET / [36m304[0m 10.914 ms - -[0m
[0mGET / [36m304[0m 11.750 ms - -[0m
[0mGET / [36m304[0m 10.532 ms - -[0m
[0mGET / [36m304[0m 9.681 ms - -[0m
[0mGET / [36m304[0m 10.540 ms - -[0m
[0mGET / [36m304[0m 12.738 ms - -[0m
[0mGET / [32m200[0m 9.786 ms - 5707[0m
[0mGET / [36m304[0m 20.566 ms - -[0m
[0mGET / [36m304[0m 10.269 ms - -[0m
[0mGET / [36m304[0m 10.101 ms - -[0m
[0mGET / [36m304[0m 11.352 ms - -[0m
[0mGET / [36m304[0m 10.087 ms - -[0m
[0mPOST /posts/createPost [32m200[0m 37.863 ms - 270[0m
[0mPOST /posts/createPost [32m200[0m 41.817 ms - 270[0m
[0mGET / [32m200[0m 32.396 ms - 9323[0m
[0mGET / [36m304[0m 64.928 ms - -[0m
[0mGET / [36m304[0m 17.039 ms - -[0m
[0mGET / [36m304[0m 18.965 ms - -[0m
[0mPOST /likes/toggle/?id=64d65603110c1f593237d2af&type=Post [32m200[0m 17.250 ms - 59[0m
[0mPOST /likes/toggle/?id=64d65603110c1f593237d2af&type=Post [32m200[0m 20.923 ms - 58[0m
[0mGET /posts/destroyPost/64d65603110c1f593237d2ad [36m302[0m 33.401 ms - 88[0m
[0mGET / [32m200[0m 20.978 ms - 7515[0m
[0mPOST /comments/createComment [36m302[0m 25.663 ms - 46[0m
[0mGET / [32m200[0m 70.498 ms - 8550[0m
[0mGET / [32m200[0m 17.391 ms - 8249[0m
[0mGET / [36m304[0m 24.733 ms - -[0m
[0mGET / [36m304[0m 21.378 ms - -[0m
[0mGET / [36m304[0m 21.385 ms - -[0m
[0mGET / [36m304[0m 19.093 ms - -[0m
[0mPOST /comments/createComment [36m302[0m 18.882 ms - 46[0m
[0mGET / [32m200[0m 32.371 ms - 9277[0m
[0mGET / [32m200[0m 123.371 ms - 7636[0m
[0mGET / [36m304[0m 28.355 ms - -[0m
[0mGET / [32m200[0m 19.977 ms - 7622[0m
[0mPOST /likes/toggle/?id=64d656c8110c1f593237d2dd&type=Comment [32m200[0m 11.783 ms - 59[0m
[0mGET / [32m200[0m 17.992 ms - 7622[0m
[0mGET / [32m200[0m 20.633 ms - 7636[0m
[0mPOST /likes/toggle/?id=64d656c8110c1f593237d2dd&type=Comment [32m200[0m 14.863 ms - 58[0m
[0mPOST /likes/toggle/?id=64d656c8110c1f593237d2dd&type=Comment [32m200[0m 10.417 ms - 59[0m
[0mPOST /likes/toggle/?id=64d656c8110c1f593237d2dd&type=Comment [32m200[0m 11.397 ms - 58[0m
[0mGET / [32m200[0m 17.151 ms - 7636[0m
[0mGET / [32m200[0m 17.842 ms - 7484[0m
[0mGET / [36m304[0m 16.233 ms - -[0m
[0mGET / [36m304[0m 16.446 ms - -[0m
[0mGET / [36m304[0m 15.946 ms - -[0m
[0mGET / [36m304[0m 21.761 ms - -[0m
[0mGET / [36m304[0m 20.754 ms - -[0m
[0mGET / [36m304[0m 31.151 ms - -[0m
[0mGET / [36m304[0m 14.583 ms - -[0m
[0mGET / [36m304[0m 15.910 ms - -[0m
[0mGET / [36m304[0m 17.500 ms - -[0m
[0mGET /posts/destroyPost/64d65603110c1f593237d2af [36m302[0m 18.930 ms - 88[0m
[0mGET / [32m200[0m 9.363 ms - 4681[0m
[0mPOST /posts/createPost [32m200[0m 18.063 ms - 286[0m
[0mPOST /posts/createPost [32m200[0m 19.529 ms - 286[0m
[0mGET / [32m200[0m 14.459 ms - 7777[0m
[0mGET /posts/destroyPost/64d66073110c1f593237d384 [36m302[0m 21.159 ms - 88[0m
[0mGET / [32m200[0m 16.137 ms - 6229[0m
[0mPOST /comments/createComment [36m302[0m 20.530 ms - 46[0m
[0mGET / [32m200[0m 37.704 ms - 7072[0m
[0mGET / [32m200[0m 19.110 ms - 6879[0m
[0mGET / [36m304[0m 16.204 ms - -[0m
[0mGET / [36m304[0m 14.343 ms - -[0m
[0mGET / [36m304[0m 14.316 ms - -[0m
[0mGET / [36m304[0m 21.287 ms - -[0m
[0mGET / [36m304[0m 14.215 ms - -[0m
[0mGET / [36m304[0m 16.561 ms - -[0m
[0mGET / [36m304[0m 18.252 ms - -[0m
[0mGET / [36m304[0m 15.534 ms - -[0m
[0mGET / [36m304[0m 15.920 ms - -[0m
[0mGET / [36m304[0m 15.623 ms - -[0m
[0mPOST /comments/createComment [36m302[0m 18.469 ms - 46[0m
[0mGET / [32m200[0m 26.277 ms - 7710[0m
[0mGET / [32m200[0m 21.812 ms - 7517[0m
[0mGET / [36m304[0m 16.119 ms - -[0m
[0mGET / [32m200[0m 15.309 ms - 7517[0m
[0mGET / [32m200[0m 22.717 ms - 7521[0m
[0mGET / [36m304[0m 19.665 ms - -[0m
[0mGET / [36m304[0m 22.176 ms - -[0m
[0mGET / [32m200[0m 156.072 ms - 7517[0m
[0mGET / [36m304[0m 19.624 ms - -[0m
[0mGET / [36m304[0m 23.219 ms - -[0m
[0mGET / [36m304[0m 24.203 ms - -[0m
[0mGET / [36m304[0m 24.643 ms - -[0m
[0mGET / [36m304[0m 15.933 ms - -[0m
[0mGET / [36m304[0m 18.865 ms - -[0m
[0mGET / [36m304[0m 23.838 ms - -[0m
[0mGET / [36m304[0m 16.046 ms - -[0m
[0mGET / [32m200[0m 15.043 ms - 7544[0m
[0mGET / [36m304[0m 17.442 ms - -[0m
[0mGET / [36m304[0m 23.106 ms - -[0m
