[0mGET / [32m200[0m 144.471 ms - 7546[0m
[0mGET / [36m304[0m 16.808 ms - -[0m
[0mGET / [36m304[0m 15.749 ms - -[0m
[0mGET / [36m304[0m 15.983 ms - -[0m
[0mGET / [32m200[0m 15.570 ms - 7512[0m
[0mGET / [36m304[0m 20.061 ms - -[0m
[0mGET / [36m304[0m 14.759 ms - -[0m
[0mGET / [36m304[0m 19.301 ms - -[0m
[0mGET / [36m304[0m 16.923 ms - -[0m
[0mGET / [36m304[0m 16.266 ms - -[0m
[0mGET / [36m304[0m 20.926 ms - -[0m
[0mGET / [36m304[0m 16.912 ms - -[0m
[0mGET / [36m304[0m 18.701 ms - -[0m
[0mGET / [36m304[0m 17.704 ms - -[0m
[0mGET / [36m304[0m 16.727 ms - -[0m
[0mGET / [36m304[0m 17.513 ms - -[0m
[0mGET / [36m304[0m 18.395 ms - -[0m
[0mGET / [36m304[0m 18.301 ms - -[0m
[0mGET / [36m304[0m 18.817 ms - -[0m
[0mGET / [36m304[0m 21.433 ms - -[0m
[0mGET / [32m200[0m 17.259 ms - 7524[0m
[0mGET / [36m304[0m 16.766 ms - -[0m
[0mGET / [36m304[0m 16.368 ms - -[0m
[0mGET / [36m304[0m 16.712 ms - -[0m
[0mGET / [36m304[0m 23.048 ms - -[0m
[0mGET / [36m304[0m 25.035 ms - -[0m
[0mGET / [36m304[0m 17.133 ms - -[0m
[0mGET / [36m304[0m 16.060 ms - -[0m
[0mGET / [36m304[0m 14.484 ms - -[0m
[0mGET / [36m304[0m 18.910 ms - -[0m
[0mGET / [36m304[0m 14.902 ms - -[0m
[0mGET / [36m304[0m 14.952 ms - -[0m
[0mGET / [36m304[0m 16.089 ms - -[0m
[0mGET / [36m304[0m 13.637 ms - -[0m
[0mGET / [36m304[0m 17.248 ms - -[0m
[0mGET / [36m304[0m 15.464 ms - -[0m
[0mGET / [32m200[0m 19.568 ms - 7550[0m
[0mGET / [36m304[0m 17.479 ms - -[0m
[0mGET / [32m200[0m 16.991 ms - 7524[0m
[0mPOST /likes/toggle/?id=64d66073110c1f593237d386&type=Post [32m200[0m 16.160 ms - 59[0m
[0mPOST /likes/toggle/?id=64d66073110c1f593237d386&type=Post [32m200[0m 10.446 ms - 58[0m
[0mPOST /likes/toggle/?id=64d66073110c1f593237d386&type=Post [32m200[0m 11.375 ms - 59[0m
[0mPOST /likes/toggle/?id=64d66073110c1f593237d386&type=Post [32m200[0m 10.202 ms - 58[0m
[0mGET / [32m200[0m 55.363 ms - 7533[0m
[0mGET / [32m200[0m 13.538 ms - 7524[0m
[0mGET / [32m200[0m 16.200 ms - 7534[0m
[0mGET / [32m200[0m 19.045 ms - 7549[0m
[0mGET / [36m304[0m 15.203 ms - -[0m
[0mGET / [36m304[0m 15.555 ms - -[0m
[0mGET / [36m304[0m 20.825 ms - -[0m
[0mGET / [32m200[0m 19.519 ms - 7558[0m
[0mGET / [32m200[0m 15.342 ms - 7549[0m
[0mGET / [36m304[0m 14.323 ms - -[0m
[0mGET / [36m304[0m 16.724 ms - -[0m
[0mGET / [36m304[0m 18.470 ms - -[0m
[0mGET / [36m304[0m 15.434 ms - -[0m
[0mGET / [36m304[0m 20.815 ms - -[0m
[0mGET / [36m304[0m 15.756 ms - -[0m
[0mGET / [36m304[0m 15.874 ms - -[0m
[0mGET / [36m304[0m 16.670 ms - -[0m
[0mPOST /likes/toggle/?id=64d6608d110c1f593237d39a&type=Comment [32m200[0m 9.257 ms - 59[0m
[0mPOST /likes/toggle/?id=64d6608d110c1f593237d39a&type=Comment [32m200[0m 10.143 ms - 58[0m
[0mPOST /likes/toggle/?id=64d66179110c1f593237d3dd&type=Comment [32m200[0m 10.449 ms - 59[0m
[0mPOST /likes/toggle/?id=64d66179110c1f593237d3dd&type=Comment [32m200[0m 11.020 ms - 58[0m
[0mGET / [36m304[0m 15.257 ms - -[0m
[0mGET / [36m304[0m 13.564 ms - -[0m
[0mGET / [36m304[0m 16.162 ms - -[0m
[0mGET / [36m304[0m 16.564 ms - -[0m
[0mGET / [36m304[0m 13.468 ms - -[0m
[0mGET / [36m304[0m 18.560 ms - -[0m
[0mGET / [36m304[0m 14.438 ms - -[0m
[0mGET / [36m304[0m 17.896 ms - -[0m
[0mGET / [36m304[0m 17.986 ms - -[0m
[0mGET / [36m304[0m 25.445 ms - -[0m
[0mGET / [36m304[0m 15.207 ms - -[0m
[0mGET / [36m304[0m 18.001 ms - -[0m
[0mGET / [36m304[0m 13.196 ms - -[0m
[0mGET / [36m304[0m 20.346 ms - -[0m
[0mGET / [36m304[0m 21.989 ms - -[0m
[0mGET / [36m304[0m 15.485 ms - -[0m
[0mGET / [36m304[0m 16.131 ms - -[0m
[0mGET / [36m304[0m 14.098 ms - -[0m
[0mPOST /likes/toggle/?id=64d6608d110c1f593237d39a&type=Comment [32m200[0m 15.437 ms - 59[0m
[0mPOST /likes/toggle/?id=64d6608d110c1f593237d39a&type=Comment [32m200[0m 8.818 ms - 58[0m
[0mPOST /likes/toggle/?id=64d66073110c1f593237d386&type=Post [32m200[0m 8.997 ms - 59[0m
[0mPOST /likes/toggle/?id=64d66073110c1f593237d386&type=Post [32m200[0m 8.883 ms - 58[0m
[0mGET /posts/destroyPost/64d66073110c1f593237d386 [36m302[0m 12.562 ms - 88[0m
[0mGET / [32m200[0m 9.716 ms - 4676[0m
[0mPOST /posts/createPost [32m200[0m 11.444 ms - 282[0m
[0mPOST /posts/createPost [32m200[0m 15.500 ms - 282[0m
[0mPOST /posts/createPost [32m200[0m 12.085 ms - 282[0m
[0mPOST /posts/createPost [32m200[0m 12.235 ms - 282[0m
[0mPOST /posts/createPost [32m200[0m 12.597 ms - 282[0m
[0mPOST /posts/createPost [32m200[0m 12.440 ms - 282[0m
[0mPOST /posts/createPost [32m200[0m 11.532 ms - 282[0m
[0mPOST /posts/createPost [32m200[0m 11.462 ms - 282[0m
[0mPOST /posts/createPost [32m200[0m 12.367 ms - 282[0m
[0mPOST /posts/createPost [32m200[0m 12.393 ms - 282[0m
[0mGET / [32m200[0m 23.220 ms - 20486[0m
[0mGET /posts/destroyPost/64d70acb110c1f593237d621 [36m302[0m 12.303 ms - 88[0m
[0mGET / [32m200[0m 19.936 ms - 18905[0m
[0mGET /posts/destroyPost/64d70acc110c1f593237d62b [36m302[0m 12.002 ms - 88[0m
[0mGET / [32m200[0m 17.229 ms - 17324[0m
[0mGET /posts/destroyPost/64d70aca110c1f593237d610 [36m302[0m 15.401 ms - 88[0m
[0mGET / [32m200[0m 15.398 ms - 15743[0m
[0mGET /posts/destroyPost/64d70acc110c1f593237d629 [36m302[0m 11.174 ms - 88[0m
[0mGET / [32m200[0m 14.163 ms - 14162[0m
[0mGET /posts/destroyPost/64d70acb110c1f593237d623 [36m302[0m 10.887 ms - 88[0m
[0mGET / [32m200[0m 13.940 ms - 12581[0m
[0mGET /posts/destroyPost/64d70aca110c1f593237d61b [36m302[0m 10.800 ms - 88[0m
[0mGET / [32m200[0m 13.304 ms - 11000[0m
[0mGET /posts/destroyPost/64d70aca110c1f593237d614 [36m302[0m 14.036 ms - 88[0m
[0mGET / [32m200[0m 15.064 ms - 9419[0m
[0mGET /posts/destroyPost/64d70aca110c1f593237d619 [36m302[0m 15.444 ms - 88[0m
[0mGET / [32m200[0m 18.421 ms - 7838[0m
[0mGET /posts/destroyPost/64d70acc110c1f593237d631 [36m302[0m 11.158 ms - 88[0m
[0mGET / [32m200[0m 10.893 ms - 6257[0m
[0mGET / [36m304[0m 12.170 ms - -[0m
[0mGET / [36m304[0m 13.207 ms - -[0m
[0mGET / [36m304[0m 14.550 ms - -[0m
[0mGET / [36m304[0m 12.058 ms - -[0m
[0mGET / [36m304[0m 14.267 ms - -[0m
[0mGET / [36m304[0m 17.957 ms - -[0m
[0mGET / [36m304[0m 11.240 ms - -[0m
[0mGET / [36m304[0m 15.512 ms - -[0m
[0mGET / [36m304[0m 12.400 ms - -[0m
[0mGET / [36m304[0m 14.670 ms - -[0m
[0mPOST /comments/createComment [36m302[0m 16.356 ms - 46[0m
[0mGET / [32m200[0m 27.199 ms - 7088[0m
[0mGET /users/sign-out [36m302[0m 7.635 ms - 46[0m
[0mGET / [32m200[0m 13.432 ms - 5204[0m
[0mGET /users/sign-in [32m200[0m 4.637 ms - 2113[0m
[0mGET /users/css/header.css [33m404[0m 6.327 ms - 159[0m
[0mGET /users/css/layout.css [33m404[0m 9.035 ms - 159[0m
[0mGET /users/css/footer.css [33m404[0m 8.103 ms - 159[0m
[0mGET /users/sign-in [36m304[0m 5.911 ms - -[0m
[0mGET /users/css/layout.css [33m404[0m 4.161 ms - 159[0m
[0mGET /users/css/header.css [33m404[0m 5.038 ms - 159[0m
[0mGET /users/css/footer.css [33m404[0m 4.988 ms - 159[0m
[0mGET /users/sign-up [32m200[0m 3.407 ms - 2377[0m
[0mGET /users/css/layout.css [33m404[0m 8.343 ms - 159[0m
[0mGET /users/css/header.css [33m404[0m 7.662 ms - 159[0m
[0mGET /users/css/footer.css [33m404[0m 4.236 ms - 159[0m
[0mPOST /users/create [36m302[0m 7.446 ms - 72[0m
[0mGET /users/sign-in [36m304[0m 4.576 ms - -[0m
[0mGET /users/css/layout.css [33m404[0m 8.646 ms - 159[0m
[0mGET /users/css/footer.css [33m404[0m 8.361 ms - 159[0m
[0mGET /users/css/header.css [33m404[0m 6.835 ms - 159[0m
[0mPOST /users/create-session [36m302[0m 10.540 ms - 46[0m
[0mGET / [32m200[0m 16.515 ms - 6929[0m
[0mPOST /posts/createPost [32m200[0m 13.932 ms - 282[0m
[0mPOST /posts/createPost [32m200[0m 13.687 ms - 282[0m
[0mGET / [32m200[0m 18.165 ms - 9886[0m
[0mGET /posts/destroyPost/64d70d69110c1f593237d6d9 [36m302[0m 22.291 ms - 88[0m
[0mGET / [32m200[0m 16.157 ms - 8305[0m
[0mPOST /comments/createComment [36m302[0m 15.296 ms - 46[0m
[0mGET / [32m200[0m 17.035 ms - 9139[0m
[0mGET / [32m200[0m 15.977 ms - 8994[0m
[0mGET / [32m200[0m 24.928 ms - 8984[0m
[0mGET / [32m200[0m 17.899 ms - 8946[0m
[0mGET /users/sign-out [36m302[0m 8.465 ms - 46[0m
[0mGET / [32m200[0m 22.680 ms - 6610[0m
[0mGET /users/sign-in [36m304[0m 4.676 ms - -[0m
[0mGET /users/css/layout.css [33m404[0m 7.798 ms - 159[0m
[0mGET /users/css/header.css [33m404[0m 7.987 ms - 159[0m
[0mGET /users/css/footer.css [33m404[0m 5.669 ms - 159[0m
[0mPOST /users/create-session [36m302[0m 6.827 ms - 46[0m
[0mGET / [32m200[0m 15.383 ms - 9191[0m
[0mPOST /likes/toggle/?id=64d70ca5110c1f593237d6bf&type=Comment [32m200[0m 9.976 ms - 59[0m
[0mPOST /likes/toggle/?id=64d70d84110c1f593237d6f1&type=Comment [32m200[0m 10.781 ms - 59[0m
[0mPOST /likes/toggle/?id=64d70ca5110c1f593237d6bf&type=Comment [32m200[0m 10.176 ms - 58[0m
[0mPOST /likes/toggle/?id=64d70d84110c1f593237d6f1&type=Comment [32m200[0m 9.785 ms - 58[0m
[0mGET / [32m200[0m 14.524 ms - 8986[0m
[0mGET / [36m304[0m 14.294 ms - -[0m
[0mGET / [36m304[0m 16.406 ms - -[0m
[0mGET / [36m304[0m 23.352 ms - -[0m
[0mGET / [36m304[0m 16.795 ms - -[0m
[0mGET / [36m304[0m 15.159 ms - -[0m
[0mGET / [36m304[0m 16.357 ms - -[0m
[0mGET / [36m304[0m 20.429 ms - -[0m
[0mGET / [36m304[0m 19.531 ms - -[0m
[0mGET / [36m304[0m 20.909 ms - -[0m
[0mGET / [36m304[0m 17.453 ms - -[0m
[0mGET / [36m304[0m 16.285 ms - -[0m
[0mGET / [36m304[0m 18.724 ms - -[0m
[0mGET / [36m304[0m 19.425 ms - -[0m
[0mGET / [36m304[0m 18.346 ms - -[0m
[0mGET / [36m304[0m 13.364 ms - -[0m
[0mGET / [36m304[0m 14.573 ms - -[0m
[0mGET / [36m304[0m 19.482 ms - -[0m
[0mGET / [36m304[0m 17.383 ms - -[0m
[0mGET / [36m304[0m 17.624 ms - -[0m
[0mGET / [36m304[0m 15.498 ms - -[0m
[0mGET / [36m304[0m 20.215 ms - -[0m
[0mGET / [36m304[0m 20.271 ms - -[0m
[0mGET / [36m304[0m 18.645 ms - -[0m
[0mGET / [36m304[0m 17.468 ms - -[0m
[0mGET / [36m304[0m 21.401 ms - -[0m
[0mGET / [36m304[0m 26.480 ms - -[0m
[0mGET / [36m304[0m 17.931 ms - -[0m
[0mGET / [36m304[0m 16.854 ms - -[0m
[0mGET / [36m304[0m 16.181 ms - -[0m
[0mGET / [36m304[0m 15.031 ms - -[0m
[0mGET / [36m304[0m 16.549 ms - -[0m
[0mGET / [36m304[0m 16.896 ms - -[0m
[0mGET / [36m304[0m 17.187 ms - -[0m
[0mGET / [36m304[0m 15.368 ms - -[0m
[0mGET / [36m304[0m 14.831 ms - -[0m
[0mGET /users/profile/64d63698110c1f593237d1c9 [32m200[0m 10.938 ms - 4165[0m
[0mGET /users/profile/css/layout.css [33m404[0m 13.931 ms - 167[0m
[0mGET /users/profile/css/header.css [33m404[0m 33.257 ms - 167[0m
[0mGET /users/profile/css/footer.css [33m404[0m 30.083 ms - 167[0m
[0mGET /users/profile/_header.ejs [0m-[0m - ms - -[0m
[0mGET /users/profile/css/header.css [33m404[0m 174.251 ms - 167[0m
[0mGET /users/profile/css/layout.css [33m404[0m 142.073 ms - 167[0m
[0mGET /users/profile/css/footer.css [33m404[0m 200.943 ms - 167[0m
[0mGET /users/profile/_header.ejs [0m-[0m - ms - -[0m
[0mGET /users/profile/64d63698110c1f593237d1c9 [32m200[0m 166.167 ms - 4365[0m
[0mGET /users/profile/css/layout.css [33m404[0m 69.782 ms - 167[0m
[0mGET /users/profile/css/header.css [33m404[0m 55.064 ms - 167[0m
[0mGET /users/profile/css/footer.css [33m404[0m 81.535 ms - 167[0m
[0mGET /users/profile/_header.ejs [0m-[0m - ms - -[0m
[0mGET /users/profile/64d63698110c1f593237d1c9 [32m200[0m 103.259 ms - 4370[0m
[0mGET /users/profile/css/layout.css [33m404[0m 86.837 ms - 167[0m
[0mGET /users/profile/css/header.css [33m404[0m 81.796 ms - 167[0m
[0mGET /users/profile/css/footer.css [33m404[0m 168.730 ms - 167[0m
[0mGET /users/profile/_header.ejs [0m-[0m - ms - -[0m
[0mGET /users/profile/64d63698110c1f593237d1c9 [36m304[0m 37.629 ms - -[0m
[0mGET /users/profile/css/layout.css [33m404[0m 74.903 ms - 167[0m
[0mGET /users/profile/css/header.css [33m404[0m 49.940 ms - 167[0m
[0mGET /users/profile/css/footer.css [33m404[0m 81.933 ms - 167[0m
[0mGET /users/profile/css/layout.css [33m404[0m 27.811 ms - 167[0m
[0mGET /users/profile/_header.ejs [0m-[0m - ms - -[0m
