[0mGET /users/sign-out [36m302[0m 136.545 ms - 46[0m
[0mGET / [32m200[0m 63.682 ms - 6610[0m
[0mGET /users/sign-in [32m200[0m 4.436 ms - 2073[0m
[0mGET /users/css/layout.css [33m404[0m 10.090 ms - 159[0m
[0mGET /users/css/header.css [33m404[0m 22.931 ms - 159[0m
[0mGET /users/css/footer.css [33m404[0m 17.278 ms - 159[0m
[0mGET /users/sign-in [36m304[0m 5.353 ms - -[0m
[0mGET /users/css/layout.css [33m404[0m 12.099 ms - 159[0m
[0mGET /users/css/header.css [33m404[0m 6.978 ms - 159[0m
[0mGET /users/css/footer.css [33m404[0m 8.857 ms - 159[0m
[0mGET /users/sign-in [32m200[0m 28.526 ms - 2128[0m
[0mGET /users/css/layout.css [33m404[0m 33.149 ms - 159[0m
[0mGET /users/css/header.css [33m404[0m 26.555 ms - 159[0m
[0mGET /users/css/footer.css [33m404[0m 35.067 ms - 159[0m
[0mGET /users/sign-in [32m200[0m 6.071 ms - 2399[0m
[0mGET /users/css/layout.css [33m404[0m 6.783 ms - 159[0m
[0mGET /users/css/header.css [33m404[0m 13.298 ms - 159[0m
[0mGET /users/css/footer.css [33m404[0m 14.918 ms - 159[0m
[0mGET /users/css/layout.css [33m404[0m 6.927 ms - 159[0m
[0mGET /users/sign-in [32m200[0m 14.208 ms - 2128[0m
[0mGET /users/css/layout.css [33m404[0m 8.249 ms - 159[0m
[0mGET /users/css/footer.css [33m404[0m 14.463 ms - 159[0m
[0mGET /users/css/header.css [33m404[0m 5.293 ms - 159[0m
[0mGET /users/sign-in [36m304[0m 4.704 ms - -[0m
[0mGET /users/css/layout.css [33m404[0m 15.316 ms - 159[0m
[0mGET /users/css/footer.css [33m404[0m 6.449 ms - 159[0m
[0mGET /users/css/header.css [33m404[0m 10.687 ms - 159[0m
[0mGET /users/sign-in [36m304[0m 3.944 ms - -[0m
[0mGET /users/css/layout.css [33m404[0m 11.743 ms - 159[0m
[0mGET /users/css/header.css [33m404[0m 7.143 ms - 159[0m
[0mGET /users/css/footer.css [33m404[0m 11.563 ms - 159[0m
[0mGET /users/sign-in [36m304[0m 4.634 ms - -[0m
[0mGET /users/css/layout.css [33m404[0m 5.653 ms - 159[0m
[0mGET /users/css/header.css [33m404[0m 11.374 ms - 159[0m
[0mGET /users/css/footer.css [33m404[0m 3.733 ms - 159[0m
[0mGET /users/sign-in [36m304[0m 3.679 ms - -[0m
[0mGET /users/css/layout.css [33m404[0m 8.243 ms - 159[0m
[0mGET /users/css/header.css [33m404[0m 4.720 ms - 159[0m
[0mGET /users/css/footer.css [33m404[0m 6.156 ms - 159[0m
[0mGET /users/sign-in [36m304[0m 3.847 ms - -[0m
[0mGET /users/css/layout.css [33m404[0m 7.890 ms - 159[0m
[0mGET /users/css/header.css [33m404[0m 14.494 ms - 159[0m
[0mGET /users/css/footer.css [33m404[0m 7.160 ms - 159[0m
[0mGET /users/sign-in [36m304[0m 3.604 ms - -[0m
[0mGET /users/css/layout.css [33m404[0m 12.415 ms - 159[0m
[0mGET /users/css/header.css [33m404[0m 7.636 ms - 159[0m
[0mGET /users/css/footer.css [33m404[0m 6.985 ms - 159[0m
[0mGET /users/sign-in [36m304[0m 5.333 ms - -[0m
[0mGET /users/css/layout.css [33m404[0m 12.350 ms - 159[0m
[0mGET /users/css/header.css [33m404[0m 5.299 ms - 159[0m
[0mGET /users/css/footer.css [33m404[0m 7.342 ms - 159[0m
[0mGET /users/sign-in [36m304[0m 4.375 ms - -[0m
[0mGET /users/css/layout.css [33m404[0m 4.161 ms - 159[0m
[0mGET /users/css/header.css [33m404[0m 4.188 ms - 159[0m
[0mGET /users/css/footer.css [33m404[0m 5.850 ms - 159[0m
[0mGET /users/sign-in [36m304[0m 5.177 ms - -[0m
[0mGET /users/css/layout.css [33m404[0m 9.595 ms - 159[0m
[0mGET /users/css/footer.css [33m404[0m 4.348 ms - 159[0m
[0mGET /users/css/header.css [33m404[0m 6.566 ms - 159[0m
[0mGET /users/sign-in [36m304[0m 5.634 ms - -[0m
[0mGET /users/css/layout.css [33m404[0m 8.058 ms - 159[0m
[0mGET /users/css/header.css [33m404[0m 11.491 ms - 159[0m
[0mGET /users/css/footer.css [33m404[0m 4.468 ms - 159[0m
[0mGET /users/sign-up [36m304[0m 4.830 ms - -[0m
[0mGET /users/css/layout.css [33m404[0m 4.602 ms - 159[0m
[0mGET /users/css/header.css [33m404[0m 5.033 ms - 159[0m
[0mGET /users/css/footer.css [33m404[0m 5.605 ms - 159[0m
[0mGET /users/sign-in [36m304[0m 3.642 ms - -[0m
[0mGET /users/css/layout.css [33m404[0m 6.599 ms - 159[0m
[0mGET /users/css/header.css [33m404[0m 9.760 ms - 159[0m
[0mGET /users/css/footer.css [33m404[0m 3.856 ms - 159[0m
[0mGET /users/sign-in [36m304[0m 4.923 ms - -[0m
[0mGET /users/css/layout.css [33m404[0m 7.825 ms - 159[0m
[0mGET /users/css/header.css [33m404[0m 6.503 ms - 159[0m
[0mGET /users/css/footer.css [33m404[0m 8.387 ms - 159[0m
[0mGET /users/sign-in [36m304[0m 3.505 ms - -[0m
[0mGET /users/css/layout.css [33m404[0m 5.946 ms - 159[0m
[0mGET /users/css/header.css [33m404[0m 13.779 ms - 159[0m
[0mGET /users/css/footer.css [33m404[0m 5.479 ms - 159[0m
[0mGET /users/sign-in [36m304[0m 3.591 ms - -[0m
[0mGET /users/css/layout.css [33m404[0m 7.948 ms - 159[0m
[0mGET /users/css/footer.css [33m404[0m 7.821 ms - 159[0m
[0mGET /users/css/header.css [33m404[0m 8.631 ms - 159[0m
[0mGET /users/sign-in [36m304[0m 4.344 ms - -[0m
[0mGET /users/css/layout.css [33m404[0m 14.984 ms - 159[0m
[0mGET /users/css/header.css [33m404[0m 6.298 ms - 159[0m
[0mGET /users/css/footer.css [33m404[0m 7.968 ms - 159[0m
[0mGET /users/sign-in [36m304[0m 3.499 ms - -[0m
[0mGET /users/css/layout.css [33m404[0m 7.929 ms - 159[0m
[0mGET /users/css/header.css [33m404[0m 5.860 ms - 159[0m
[0mGET /users/css/footer.css [33m404[0m 7.106 ms - 159[0m
[0mGET /users/sign-in [36m304[0m 5.704 ms - -[0m
[0mGET /users/css/layout.css [33m404[0m 11.008 ms - 159[0m
[0mGET /users/css/header.css [33m404[0m 6.373 ms - 159[0m
[0mGET /users/css/footer.css [33m404[0m 7.694 ms - 159[0m
[0mGET /users/sign-in [36m304[0m 4.518 ms - -[0m
[0mGET /users/css/layout.css [33m404[0m 9.470 ms - 159[0m
[0mGET /users/css/header.css [33m404[0m 18.875 ms - 159[0m
[0mGET /users/css/footer.css [33m404[0m 17.465 ms - 159[0m
[0mGET /users/sign-in [36m304[0m 3.551 ms - -[0m
[0mGET /users/css/layout.css [33m404[0m 10.626 ms - 159[0m
[0mGET /users/css/footer.css [33m404[0m 11.053 ms - 159[0m
[0mGET /users/css/header.css [33m404[0m 8.804 ms - 159[0m
[0mGET /users/sign-in [36m304[0m 3.774 ms - -[0m
[0mGET /users/css/layout.css [33m404[0m 4.796 ms - 159[0m
[0mGET /users/css/header.css [33m404[0m 7.066 ms - 159[0m
[0mGET /users/css/footer.css [33m404[0m 6.066 ms - 159[0m
[0mGET /users/sign-in [36m304[0m 6.527 ms - -[0m
[0mGET /users/css/layout.css [33m404[0m 7.337 ms - 159[0m
[0mGET /users/css/header.css [33m404[0m 6.530 ms - 159[0m
[0mGET /users/css/footer.css [33m404[0m 6.926 ms - 159[0m
[0mGET /users/sign-in [36m304[0m 3.762 ms - -[0m
[0mGET /users/css/layout.css [33m404[0m 11.460 ms - 159[0m
[0mGET /users/css/header.css [33m404[0m 7.623 ms - 159[0m
[0mGET /users/css/footer.css [33m404[0m 10.917 ms - 159[0m
[0mGET /users/sign-in [36m304[0m 3.560 ms - -[0m
[0mGET /users/css/layout.css [33m404[0m 9.165 ms - 159[0m
[0mGET /users/css/header.css [33m404[0m 8.101 ms - 159[0m
[0mGET /users/css/footer.css [33m404[0m 12.459 ms - 159[0m
[0mGET /users/sign-in [36m304[0m 3.275 ms - -[0m
[0mGET /users/css/layout.css [33m404[0m 12.830 ms - 159[0m
[0mGET /users/css/header.css [33m404[0m 8.765 ms - 159[0m
[0mGET /users/css/footer.css [33m404[0m 11.489 ms - 159[0m
[0mGET /users/sign-in [36m304[0m 5.711 ms - -[0m
[0mGET /users/css/layout.css [33m404[0m 13.073 ms - 159[0m
[0mGET /users/css/header.css [33m404[0m 6.004 ms - 159[0m
[0mGET /users/css/footer.css [33m404[0m 7.250 ms - 159[0m
[0mGET /users/sign-in [36m304[0m 4.327 ms - -[0m
[0mGET /users/css/layout.css [33m404[0m 5.888 ms - 159[0m
[0mGET /users/css/header.css [33m404[0m 10.532 ms - 159[0m
[0mGET /users/css/footer.css [33m404[0m 9.106 ms - 159[0m
[0mGET /users/sign-in [36m304[0m 4.053 ms - -[0m
[0mGET /users/css/layout.css [33m404[0m 9.168 ms - 159[0m
[0mGET /users/css/header.css [33m404[0m 6.201 ms - 159[0m
[0mGET /users/css/footer.css [33m404[0m 7.885 ms - 159[0m
[0mGET /users/auth/google [36m302[0m 6.223 ms - 0[0m
[0mGET /users/sign-in [36m304[0m 101.835 ms - -[0m
[0mGET /users/css/layout.css [33m404[0m 6.706 ms - 159[0m
[0mGET /users/css/header.css [33m404[0m 9.657 ms - 159[0m
[0mGET /users/css/footer.css [33m404[0m 12.898 ms - 159[0m
[0mGET /users/css/layout.css [33m404[0m 1.953 ms - 159[0m
[0mGET /users/sign-in [36m304[0m 3.491 ms - -[0m
[0mGET /users/css/layout.css [33m404[0m 11.092 ms - 159[0m
[0mGET /users/css/header.css [33m404[0m 8.985 ms - 159[0m
[0mGET /users/css/footer.css [33m404[0m 11.170 ms - 159[0m
[0mGET /users/sign-in [36m304[0m 3.448 ms - -[0m
[0mGET /users/css/layout.css [33m404[0m 10.349 ms - 159[0m
[0mGET /users/css/header.css [33m404[0m 4.413 ms - 159[0m
[0mGET /users/css/footer.css [33m404[0m 6.629 ms - 159[0m
[0mGET /users/sign-in [36m304[0m 3.457 ms - -[0m
[0mGET /users/css/layout.css [33m404[0m 7.491 ms - 159[0m
[0mGET /users/css/header.css [33m404[0m 7.941 ms - 159[0m
[0mGET /users/css/footer.css [33m404[0m 8.685 ms - 159[0m
[0mGET /users/sign-in [32m200[0m 4.925 ms - 2113[0m
[0mGET /users/css/layout.css [33m404[0m 7.666 ms - 159[0m
[0mGET /users/css/footer.css [33m404[0m 6.930 ms - 159[0m
[0mGET /users/css/header.css [33m404[0m 8.416 ms - 159[0m
[0mGET /users/sign-in [36m304[0m 4.778 ms - -[0m
[0mGET /users/css/layout.css [33m404[0m 8.679 ms - 159[0m
[0mGET /users/css/header.css [33m404[0m 8.011 ms - 159[0m
[0mGET /users/css/footer.css [33m404[0m 8.907 ms - 159[0m
[0mGET /users/sign-in [36m304[0m 4.169 ms - -[0m
[0mGET /users/css/layout.css [33m404[0m 8.732 ms - 159[0m
[0mGET /users/css/header.css [33m404[0m 8.951 ms - 159[0m
[0mGET /users/css/footer.css [33m404[0m 12.602 ms - 159[0m
[0mGET /users/sign-in [36m304[0m 4.171 ms - -[0m
[0mGET /users/css/layout.css [33m404[0m 4.565 ms - 159[0m
[0mGET /users/css/header.css [33m404[0m 6.792 ms - 159[0m
[0mGET /users/css/footer.css [33m404[0m 5.270 ms - 159[0m
[0mGET /users/sign-in [36m304[0m 5.085 ms - -[0m
[0mGET /users/css/layout.css [33m404[0m 13.454 ms - 159[0m
[0mGET /users/css/header.css [33m404[0m 7.456 ms - 159[0m
[0mGET /users/css/footer.css [33m404[0m 7.363 ms - 159[0m
[0mGET /users/sign-up [32m200[0m 4.117 ms - 2362[0m
[0mGET /users/css/layout.css [33m404[0m 10.884 ms - 159[0m
[0mGET /users/css/header.css [33m404[0m 8.831 ms - 159[0m
[0mGET /users/css/footer.css [33m404[0m 11.665 ms - 159[0m
[0mGET /users/css/layout.css [33m404[0m 3.556 ms - 159[0m
[0mGET /users/css/header.css [33m404[0m 4.990 ms - 159[0m
[0mGET /users/css/footer.css [33m404[0m 4.993 ms - 159[0m
[0mGET / [32m200[0m 442.432 ms - 6385[0m
[0mGET /users/sign-in [36m304[0m 5.753 ms - -[0m
[0mGET /users/css/layout.css [33m404[0m 6.737 ms - 159[0m
[0mGET /users/css/header.css [33m404[0m 7.058 ms - 159[0m
[0mGET /users/css/footer.css [33m404[0m 6.638 ms - 159[0m
[0mGET /users/css/layout.css [33m404[0m 14.315 ms - 159[0m
[0mGET /users/css/header.css [33m404[0m 8.359 ms - 159[0m
[0mGET /users/css/footer.css [33m404[0m 13.317 ms - 159[0m
[0mGET /users/css/layout.css [33m404[0m 3.105 ms - 159[0m
[0mGET /users/css/header.css [33m404[0m 6.104 ms - 159[0m
[0mGET /users/css/footer.css [33m404[0m 8.403 ms - 159[0m
[0mGET /users/sign-up [32m200[0m 137.976 ms - 2411[0m
[0mGET /users/css/layout.css [33m404[0m 39.025 ms - 159[0m
[0mGET /users/css/header.css [33m404[0m 39.722 ms - 159[0m
[0mGET /users/css/footer.css [33m404[0m 40.026 ms - 159[0m
[0mGET /js/layout.js [33m404[0m 28.725 ms - 151[0m
[0mGET /users/sign-up [36m304[0m 5.418 ms - -[0m
[0mGET /users/css/layout.css [33m404[0m 5.785 ms - 159[0m
[0mGET /users/css/footer.css [33m404[0m 9.009 ms - 159[0m
[0mGET /js/layout.js [33m404[0m 8.788 ms - 151[0m
[0mGET /users/css/header.css [33m404[0m 10.214 ms - 159[0m
[0mGET /users/sign-in [32m200[0m 6.754 ms - 2154[0m
[0mGET /users/css/layout.css [33m404[0m 7.212 ms - 159[0m
[0mGET /users/css/footer.css [33m404[0m 11.239 ms - 159[0m
[0mGET /users/css/header.css [33m404[0m 11.367 ms - 159[0m
[0mGET /js/layout.js [33m404[0m 13.380 ms - 151[0m
[0mGET /users/sign-in [36m304[0m 3.970 ms - -[0m
[0mGET /users/css/layout.css [33m404[0m 5.537 ms - 159[0m
[0mGET /js/layout.js [33m404[0m 5.140 ms - 151[0m
[0mGET /users/css/header.css [33m404[0m 6.501 ms - 159[0m
[0mGET /users/css/footer.css [33m404[0m 9.088 ms - 159[0m
[0mGET /users/sign-in [36m304[0m 4.968 ms - -[0m
[0mGET /users/css/layout.css [33m404[0m 8.016 ms - 159[0m
[0mGET /users/css/header.css [33m404[0m 10.803 ms - 159[0m
[0mGET /users/css/footer.css [33m404[0m 10.113 ms - 159[0m
[0mGET /js/layout.js [33m404[0m 20.091 ms - 151[0m
[0mGET /users/sign-in [36m304[0m 9.874 ms - -[0m
[0mGET /users/css/layout.css [33m404[0m 13.745 ms - 159[0m
[0mGET /users/css/header.css [33m404[0m 10.676 ms - 159[0m
[0mGET /users/css/footer.css [33m404[0m 19.148 ms - 159[0m
[0mGET /js/layout.js [33m404[0m 9.366 ms - 151[0m
[0mGET /users/sign-in [36m304[0m 4.809 ms - -[0m
[0mGET /users/css/layout.css [33m404[0m 5.520 ms - 159[0m
[0mGET /users/css/header.css [33m404[0m 9.155 ms - 159[0m
[0mGET /users/css/footer.css [33m404[0m 13.429 ms - 159[0m
[0mGET /js/layout.js [33m404[0m 13.040 ms - 151[0m
[0mGET /users/sign-in [32m200[0m 6.583 ms - 2169[0m
[0mGET /users/css/layout.css [33m404[0m 6.323 ms - 159[0m
[0mGET /users/css/header.css [33m404[0m 14.498 ms - 159[0m
[0mGET /users/css/footer.css [33m404[0m 10.758 ms - 159[0m
[0mGET /js/layout.js [33m404[0m 12.634 ms - 151[0m
[0mGET /users/sign-in [36m304[0m 4.265 ms - -[0m
[0mGET /users/css/header.css [33m404[0m 10.662 ms - 159[0m
[0mGET /users/css/footer.css [33m404[0m 16.084 ms - 159[0m
[0mGET /users/css/layout.css [33m404[0m 17.640 ms - 159[0m
[0mGET /js/layout.js [33m404[0m 21.041 ms - 151[0m
[0mGET /users/sign-in [36m304[0m 4.522 ms - -[0m
[0mGET /users/css/layout.css [33m404[0m 4.497 ms - 159[0m
[0mGET /users/css/header.css [33m404[0m 4.601 ms - 159[0m
[0mGET /users/css/footer.css [33m404[0m 9.931 ms - 159[0m
[0mGET /js/layout.js [33m404[0m 9.096 ms - 151[0m
[0mGET /users/css/layout.css [33m404[0m 5.694 ms - 159[0m
[0mGET /users/css/header.css [33m404[0m 7.112 ms - 159[0m
[0mGET /users/sign-in [36m304[0m 3.413 ms - -[0m
[0mGET /users/css/layout.css [33m404[0m 5.416 ms - 159[0m
[0mGET /users/css/header.css [33m404[0m 16.515 ms - 159[0m
[0mGET /users/css/footer.css [33m404[0m 6.746 ms - 159[0m
[0mGET /js/layout.js [33m404[0m 12.673 ms - 151[0m
[0mGET /users/css/layout.css [33m404[0m 8.456 ms - 159[0m
[0mGET / [32m200[0m 201.600 ms - 6441[0m
[0mGET /js/layout.js [33m404[0m 14.599 ms - 151[0m
[0mGET /users/sign-in [36m304[0m 7.512 ms - -[0m
[0mGET /users/css/layout.css [33m404[0m 12.315 ms - 159[0m
[0mGET /js/layout.js [33m404[0m 12.483 ms - 151[0m
[0mGET /users/css/header.css [33m404[0m 27.593 ms - 159[0m
[0mGET /users/css/footer.css [33m404[0m 28.889 ms - 159[0m
[0mGET /users/sign-in [36m304[0m 4.629 ms - -[0m
[0mGET /users/css/layout.css [33m404[0m 24.530 ms - 159[0m
[0mGET /users/css/header.css [33m404[0m 19.256 ms - 159[0m
[0mGET /users/css/footer.css [33m404[0m 17.538 ms - 159[0m
[0mGET /js/layout.js [33m404[0m 22.014 ms - 151[0m
[0mGET /js/layout.js [33m404[0m 6.364 ms - 151[0m
[0mGET / [36m304[0m 22.641 ms - -[0m
[0mGET /js/layout.js [33m404[0m 4.933 ms - 151[0m
[0mGET / [36m304[0m 25.441 ms - -[0m
[0mGET /js/layout.js [33m404[0m 5.818 ms - 151[0m
[0mGET /users/sign-in [36m304[0m 5.718 ms - -[0m
[0mGET /users/css/layout.css [33m404[0m 20.675 ms - 159[0m
[0mGET /users/css/header.css [33m404[0m 12.729 ms - 159[0m
[0mGET /users/css/footer.css [33m404[0m 13.227 ms - 159[0m
[0mGET /js/layout.js [33m404[0m 17.482 ms - 151[0m
[0mGET /users/sign-in [36m304[0m 4.137 ms - -[0m
[0mGET /users/css/layout.css [33m404[0m 7.570 ms - 159[0m
[0mGET /users/css/header.css [33m404[0m 11.861 ms - 159[0m
[0mGET /users/css/footer.css [33m404[0m 12.208 ms - 159[0m
[0mGET /js/layout.js [33m404[0m 14.891 ms - 151[0m
[0mGET /users/css/layout.css [33m404[0m 3.848 ms - 159[0m
[0mGET /users/sign-in [36m304[0m 5.440 ms - -[0m
[0mGET /users/css/layout.css [33m404[0m 18.560 ms - 159[0m
[0mGET /users/css/footer.css [33m404[0m 11.358 ms - 159[0m
[0mGET /users/css/header.css [33m404[0m 12.737 ms - 159[0m
[0mGET /js/layout.js [33m404[0m 16.009 ms - 151[0m
[0mGET /users/sign-in [36m304[0m 9.622 ms - -[0m
[0mGET /users/css/layout.css [33m404[0m 5.484 ms - 159[0m
[0mGET /users/css/header.css [33m404[0m 11.235 ms - 159[0m
[0mGET /users/css/footer.css [33m404[0m 9.559 ms - 159[0m
[0mGET /js/layout.js [33m404[0m 9.555 ms - 151[0m
[0mGET /users/css/layout.css [33m404[0m 9.349 ms - 159[0m
[0mGET /users/sign-in [36m304[0m 7.742 ms - -[0m
[0mGET /users/css/layout.css [33m404[0m 12.025 ms - 159[0m
[0mGET /users/css/header.css [33m404[0m 18.864 ms - 159[0m
[0mGET /js/layout.js [33m404[0m 8.782 ms - 151[0m
[0mGET /users/css/footer.css [33m404[0m 14.067 ms - 159[0m
[0mGET /users/css/layout.css [33m404[0m 3.792 ms - 159[0m
[0mGET /js/layout.js [33m404[0m 3.714 ms - 151[0m
[0mGET /users/sign-in [36m304[0m 8.877 ms - -[0m
[0mGET /users/css/layout.css [33m404[0m 13.460 ms - 159[0m
[0mGET /users/css/header.css [33m404[0m 10.398 ms - 159[0m
[0mGET /users/css/footer.css [33m404[0m 16.142 ms - 159[0m
[0mGET /js/layout.js [33m404[0m 13.289 ms - 151[0m
[0mGET /users/sign-in [32m200[0m 4.201 ms - 2178[0m
[0mGET /users/css/layout.css [33m404[0m 11.204 ms - 159[0m
[0mGET /users/css/header.css [33m404[0m 7.304 ms - 159[0m
[0mGET /users/css/footer.css [33m404[0m 8.920 ms - 159[0m
[0mGET /js/layout.js [33m404[0m 12.404 ms - 151[0m
[0mGET /users/css/layout.css [33m404[0m 11.709 ms - 159[0m
[0mGET /users/css/header.css [33m404[0m 14.088 ms - 159[0m
[0mGET /users/sign-in [36m304[0m 5.113 ms - -[0m
[0mGET /users/css/layout.css [33m404[0m 12.625 ms - 159[0m
[0mGET /users/css/header.css [33m404[0m 11.844 ms - 159[0m
[0mGET /users/css/footer.css [33m404[0m 16.889 ms - 159[0m
[0mGET /js/layout.js [33m404[0m 10.382 ms - 151[0m
[0mGET /users/sign-in [36m304[0m 3.477 ms - -[0m
[0mGET /users/css/layout.css [33m404[0m 17.522 ms - 159[0m
[0mGET /users/css/header.css [33m404[0m 13.545 ms - 159[0m
[0mGET /users/css/footer.css [33m404[0m 12.821 ms - 159[0m
[0mGET /js/layout.js [33m404[0m 20.490 ms - 151[0m
[0mGET /users/sign-in [36m304[0m 9.367 ms - -[0m
[0mGET /users/css/layout.css [33m404[0m 15.476 ms - 159[0m
[0mGET /users/css/header.css [33m404[0m 9.365 ms - 159[0m
[0mGET /users/css/footer.css [33m404[0m 10.069 ms - 159[0m
[0mGET /js/layout.js [33m404[0m 14.414 ms - 151[0m
[0mGET /js/layout.js [33m404[0m 4.369 ms - 151[0m
[0mGET / [36m304[0m 40.938 ms - -[0m
[0mGET /js/layout.js [33m404[0m 11.418 ms - 151[0m
[0mGET /users/sign-in [36m304[0m 4.214 ms - -[0m
[0mGET /users/css/layout.css [33m404[0m 15.273 ms - 159[0m
[0mGET /users/css/header.css [33m404[0m 21.136 ms - 159[0m
[0mGET /users/css/footer.css [33m404[0m 12.093 ms - 159[0m
[0mGET /js/layout.js [33m404[0m 22.867 ms - 151[0m
[0mGET /users/sign-in [36m304[0m 22.780 ms - -[0m
[0mGET /users/css/layout.css [33m404[0m 13.620 ms - 159[0m
[0mGET /users/css/header.css [33m404[0m 23.248 ms - 159[0m
[0mGET /users/css/footer.css [33m404[0m 39.016 ms - 159[0m
[0mGET /js/layout.js [33m404[0m 52.609 ms - 151[0m
[0mGET /users/sign-in [36m304[0m 7.817 ms - -[0m
[0mGET /users/css/layout.css [33m404[0m 20.918 ms - 159[0m
[0mGET /users/css/header.css [33m404[0m 21.577 ms - 159[0m
[0mGET /users/css/footer.css [33m404[0m 20.542 ms - 159[0m
[0mGET /js/layout.js [33m404[0m 29.422 ms - 151[0m
[0mGET /users/sign-in [36m304[0m 4.350 ms - -[0m
[0mGET /users/css/layout.css [33m404[0m 19.853 ms - 159[0m
[0mGET /users/css/header.css [33m404[0m 10.053 ms - 159[0m
[0mGET /users/css/footer.css [33m404[0m 11.425 ms - 159[0m
[0mGET /js/layout.js [33m404[0m 15.948 ms - 151[0m
[0mGET /js/layout.js [33m404[0m 6.138 ms - 151[0m
[0mGET / [36m304[0m 44.947 ms - -[0m
[0mGET /js/layout.js [33m404[0m 5.155 ms - 151[0m
[0mGET /users/sign-in [36m304[0m 7.822 ms - -[0m
[0mGET /users/css/layout.css [33m404[0m 13.437 ms - 159[0m
[0mGET /users/css/header.css [33m404[0m 21.059 ms - 159[0m
[0mGET /users/css/footer.css [33m404[0m 16.272 ms - 159[0m
[0mGET /js/layout.js [33m404[0m 21.817 ms - 151[0m
[0mGET /users/sign-in [32m200[0m 99.832 ms - 2228[0m
[0mGET /users/css/layout.css [33m404[0m 5.344 ms - 159[0m
[0mGET /users/css/header.css [33m404[0m 48.414 ms - 159[0m
[0mGET /users/css/footer.css [33m404[0m 6.752 ms - 159[0m
[0mGET /js/layout.js [33m404[0m 8.997 ms - 151[0m
[0mGET /users/sign-in [32m200[0m 7.060 ms - 2278[0m
[0mGET /users/css/footer.css [33m404[0m 14.230 ms - 159[0m
[0mGET /users/css/layout.css [33m404[0m 14.420 ms - 159[0m
[0mGET /users/css/header.css [33m404[0m 16.074 ms - 159[0m
[0mGET /js/layout.js [33m404[0m 25.419 ms - 151[0m
[0mGET /users/sign-in [36m304[0m 4.427 ms - -[0m
[0mGET /users/css/layout.css [33m404[0m 17.748 ms - 159[0m
[0mGET /users/css/header.css [33m404[0m 11.912 ms - 159[0m
[0mGET /users/css/footer.css [33m404[0m 17.546 ms - 159[0m
[0mGET /js/layout.js [33m404[0m 7.228 ms - 151[0m
[0mGET / [32m200[0m 68.770 ms - 6541[0m
[0mGET /js/layout.js [33m404[0m 14.607 ms - 151[0m
[0mGET /users/sign-in [36m304[0m 5.183 ms - -[0m
[0mGET /users/css/layout.css [33m404[0m 22.903 ms - 159[0m
[0mGET /users/css/header.css [33m404[0m 10.669 ms - 159[0m
[0mGET /users/css/footer.css [33m404[0m 10.390 ms - 159[0m
[0mGET /js/layout.js [33m404[0m 14.029 ms - 151[0m
[0mGET /users/sign-up [32m200[0m 5.768 ms - 2526[0m
[0mGET /users/css/layout.css [33m404[0m 9.266 ms - 159[0m
[0mGET /users/css/header.css [33m404[0m 18.200 ms - 159[0m
[0mGET /users/css/footer.css [33m404[0m 14.496 ms - 159[0m
[0mGET /js/layout.js [33m404[0m 14.978 ms - 151[0m
[0mGET / [36m304[0m 26.571 ms - -[0m
[0mGET /js/layout.js [33m404[0m 10.821 ms - 151[0m
[0mGET /users/sign-in [36m304[0m 4.961 ms - -[0m
[0mGET /users/css/layout.css [33m404[0m 11.891 ms - 159[0m
[0mGET /users/css/header.css [33m404[0m 10.394 ms - 159[0m
[0mGET /users/css/footer.css [33m404[0m 10.688 ms - 159[0m
[0mGET /js/layout.js [33m404[0m 16.153 ms - 151[0m
[0mGET / [36m304[0m 21.555 ms - -[0m
[0mGET /js/layout.js [33m404[0m 7.248 ms - 151[0m
[0mGET / [36m304[0m 16.309 ms - -[0m
[0mGET /js/layout.js [33m404[0m 8.115 ms - 151[0m
[0mGET /users/sign-in [36m304[0m 5.903 ms - -[0m
[0mGET /users/css/layout.css [33m404[0m 15.829 ms - 159[0m
[0mGET /users/css/header.css [33m404[0m 11.856 ms - 159[0m
[0mGET /users/css/footer.css [33m404[0m 12.401 ms - 159[0m
[0mGET /js/layout.js [33m404[0m 4.934 ms - 151[0m
[0mGET / [36m304[0m 15.184 ms - -[0m
[0mGET /js/layout.js [33m404[0m 11.462 ms - 151[0m
[0mGET / [36m304[0m 17.799 ms - -[0m
[0mGET /js/layout.js [33m404[0m 8.589 ms - 151[0m
[0mGET /users/sign-in [36m304[0m 4.951 ms - -[0m
[0mGET /users/css/layout.css [33m404[0m 9.264 ms - 159[0m
[0mGET /users/css/header.css [33m404[0m 14.939 ms - 159[0m
[0mGET /users/css/footer.css [33m404[0m 14.628 ms - 159[0m
[0mGET /js/layout.js [33m404[0m 12.669 ms - 151[0m
[0mGET /users/sign-in [36m304[0m 3.613 ms - -[0m
[0mGET /users/css/layout.css [33m404[0m 29.576 ms - 159[0m
[0mGET /users/css/header.css [33m404[0m 7.217 ms - 159[0m
[0mGET /users/css/footer.css [33m404[0m 12.098 ms - 159[0m
[0mGET /js/layout.js [33m404[0m 9.521 ms - 151[0m
[0mGET /users/sign-in [36m304[0m 5.974 ms - -[0m
[0mGET /users/css/layout.css [33m404[0m 12.299 ms - 159[0m
[0mGET /users/css/header.css [33m404[0m 8.306 ms - 159[0m
[0mGET /users/css/footer.css [33m404[0m 14.363 ms - 159[0m
[0mGET /js/layout.js [33m404[0m 5.992 ms - 151[0m
[0mGET / [36m304[0m 14.368 ms - -[0m
[0mGET /js/layout.js [33m404[0m 6.543 ms - 151[0m
[0mGET / [36m304[0m 16.108 ms - -[0m
[0mGET /js/layout.js [33m404[0m 6.520 ms - 151[0m
[0mGET / [36m304[0m 23.454 ms - -[0m
[0mGET /js/layout.js [33m404[0m 9.423 ms - 151[0m
[0mGET / [36m304[0m 15.966 ms - -[0m
[0mGET /js/layout.js [33m404[0m 7.930 ms - 151[0m
[0mGET / [36m304[0m 15.146 ms - -[0m
[0mGET /js/layout.js [33m404[0m 5.224 ms - 151[0m
[0mGET / [36m304[0m 15.667 ms - -[0m
[0mGET /js/layout.js [33m404[0m 7.998 ms - 151[0m
[0mGET / [36m304[0m 17.640 ms - -[0m
[0mGET /js/layout.js [33m404[0m 7.019 ms - 151[0m
[0mGET / [36m304[0m 20.406 ms - -[0m
[0mGET /js/layout.js [33m404[0m 4.347 ms - 151[0m
[0mGET / [36m304[0m 16.366 ms - -[0m
[0mGET /js/layout.js [33m404[0m 13.063 ms - 151[0m
[0mGET / [36m304[0m 15.636 ms - -[0m
[0mGET /js/layout.js [33m404[0m 7.183 ms - 151[0m
[0mGET / [36m304[0m 15.547 ms - -[0m
[0mGET /js/layout.js [33m404[0m 4.996 ms - 151[0m
[0mGET / [36m304[0m 16.852 ms - -[0m
[0mGET /js/layout.js [33m404[0m 3.313 ms - 151[0m
[0mGET / [36m304[0m 17.858 ms - -[0m
[0mGET /js/layout.js [33m404[0m 8.234 ms - 151[0m
[0mGET /js/layout.js [33m404[0m 9.918 ms - 151[0m
[0mGET /users/sign-in [36m304[0m 104.554 ms - -[0m
[0mGET /users/css/layout.css [33m404[0m 14.671 ms - 159[0m
[0mGET /users/css/header.css [33m404[0m 17.757 ms - 159[0m
[0mGET /users/css/footer.css [33m404[0m 8.063 ms - 159[0m
[0mGET /js/layout.js [33m404[0m 7.831 ms - 151[0m
[0mGET /users/sign-in [36m304[0m 5.076 ms - -[0m
[0mGET /users/css/layout.css [33m404[0m 7.604 ms - 159[0m
[0mGET /users/css/header.css [33m404[0m 20.168 ms - 159[0m
[0mGET /js/layout.js [33m404[0m 19.262 ms - 151[0m
[0mGET /users/css/footer.css [33m404[0m 21.179 ms - 159[0m
[0mGET /users/css/layout.css [33m404[0m 5.304 ms - 159[0m
[0mGET /users/sign-up [36m304[0m 5.276 ms - -[0m
[0mGET /users/css/layout.css [33m404[0m 14.716 ms - 159[0m
[0mGET /users/css/header.css [33m404[0m 14.952 ms - 159[0m
[0mGET /users/css/footer.css [33m404[0m 14.198 ms - 159[0m
[0mGET /js/layout.js [33m404[0m 19.257 ms - 151[0m
[0mGET /users/sign-in [36m304[0m 6.388 ms - -[0m
[0mGET /users/css/layout.css [33m404[0m 5.575 ms - 159[0m
[0mGET /users/css/header.css [33m404[0m 5.136 ms - 159[0m
[0mGET /users/css/footer.css [33m404[0m 11.467 ms - 159[0m
[0mGET /js/layout.js [33m404[0m 8.898 ms - 151[0m
[0mGET /users/sign-up [36m304[0m 4.716 ms - -[0m
[0mGET /users/css/layout.css [33m404[0m 8.479 ms - 159[0m
[0mGET /users/css/header.css [33m404[0m 12.387 ms - 159[0m
[0mGET /users/css/footer.css [33m404[0m 12.731 ms - 159[0m
[0mGET /js/layout.js [33m404[0m 10.567 ms - 151[0m
[0mGET /users/sign-in [36m304[0m 4.932 ms - -[0m
[0mGET /users/css/layout.css [33m404[0m 14.253 ms - 159[0m
[0mGET /users/css/header.css [33m404[0m 20.146 ms - 159[0m
[0mGET /users/css/footer.css [33m404[0m 7.122 ms - 159[0m
[0mGET /js/layout.js [33m404[0m 9.545 ms - 151[0m
[0mGET /users/sign-up [36m304[0m 4.538 ms - -[0m
[0mGET /users/css/layout.css [33m404[0m 13.947 ms - 159[0m
[0mGET /users/css/header.css [33m404[0m 13.876 ms - 159[0m
[0mGET /users/css/footer.css [33m404[0m 13.035 ms - 159[0m
[0mGET /js/layout.js [33m404[0m 6.717 ms - 151[0m
[0mGET /users/sign-in [36m304[0m 3.409 ms - -[0m
[0mGET /users/css/layout.css [33m404[0m 13.304 ms - 159[0m
[0mGET /users/css/header.css [33m404[0m 12.323 ms - 159[0m
[0mGET /users/css/footer.css [33m404[0m 19.968 ms - 159[0m
[0mGET /js/layout.js [33m404[0m 5.256 ms - 151[0m
[0mGET /users/sign-up [36m304[0m 4.031 ms - -[0m
[0mGET /users/css/layout.css [33m404[0m 20.213 ms - 159[0m
[0mGET /users/css/header.css [33m404[0m 11.212 ms - 159[0m
[0mGET /users/css/footer.css [33m404[0m 11.005 ms - 159[0m
[0mGET /js/layout.js [33m404[0m 14.916 ms - 151[0m
[0mGET /users/sign-up [36m304[0m 5.916 ms - -[0m
[0mGET /users/css/layout.css [33m404[0m 8.943 ms - 159[0m
[0mGET /users/css/header.css [33m404[0m 19.288 ms - 159[0m
[0mGET /users/css/footer.css [33m404[0m 11.258 ms - 159[0m
[0mGET /js/layout.js [33m404[0m 17.991 ms - 151[0m
[0mGET /users/sign-up [36m304[0m 5.795 ms - -[0m
[0mGET /users/css/layout.css [33m404[0m 17.896 ms - 159[0m
[0mGET /users/css/header.css [33m404[0m 12.425 ms - 159[0m
[0mGET /users/css/footer.css [33m404[0m 13.037 ms - 159[0m
[0mGET /js/layout.js [33m404[0m 14.883 ms - 151[0m
[0mGET /users/sign-up [36m304[0m 3.493 ms - -[0m
[0mGET /users/css/layout.css [33m404[0m 4.597 ms - 159[0m
[0mGET /users/css/header.css [33m404[0m 7.777 ms - 159[0m
[0mGET /users/css/footer.css [33m404[0m 7.412 ms - 159[0m
[0mGET /js/layout.js [33m404[0m 8.712 ms - 151[0m
[0mGET /users/sign-up [36m304[0m 5.237 ms - -[0m
[0mGET /users/css/header.css [33m404[0m 6.907 ms - 159[0m
[0mGET /users/css/layout.css [33m404[0m 9.657 ms - 159[0m
[0mGET /users/css/footer.css [33m404[0m 5.523 ms - 159[0m
[0mGET /js/layout.js [33m404[0m 8.386 ms - 151[0m
[0mGET /users/sign-up [36m304[0m 3.951 ms - -[0m
[0mGET /users/css/layout.css [33m404[0m 11.856 ms - 159[0m
[0mGET /users/css/header.css [33m404[0m 18.805 ms - 159[0m
[0mGET /users/css/footer.css [33m404[0m 6.999 ms - 159[0m
[0mGET /js/layout.js [33m404[0m 7.324 ms - 151[0m
[0mGET /users/sign-up [36m304[0m 3.203 ms - -[0m
[0mGET /users/css/layout.css [33m404[0m 6.117 ms - 159[0m
[0mGET /users/css/header.css [33m404[0m 9.126 ms - 159[0m
[0mGET /users/css/footer.css [33m404[0m 12.539 ms - 159[0m
[0mGET /js/layout.js [33m404[0m 12.157 ms - 151[0m
[0mGET /users/sign-up [36m304[0m 9.087 ms - -[0m
[0mGET /users/css/layout.css [33m404[0m 16.916 ms - 159[0m
[0mGET /users/css/header.css [33m404[0m 10.691 ms - 159[0m
[0mGET /users/css/footer.css [33m404[0m 15.686 ms - 159[0m
[0mGET /js/layout.js [33m404[0m 8.662 ms - 151[0m
[0mGET /users/sign-up [36m304[0m 11.866 ms - -[0m
[0mGET /users/css/layout.css [33m404[0m 14.521 ms - 159[0m
[0mGET /users/css/footer.css [33m404[0m 6.010 ms - 159[0m
[0mGET /users/css/header.css [33m404[0m 8.943 ms - 159[0m
[0mGET /js/layout.js [33m404[0m 5.660 ms - 151[0m
[0mGET /users/sign-up [36m304[0m 3.698 ms - -[0m
[0mGET /users/css/layout.css [33m404[0m 15.789 ms - 159[0m
[0mGET /users/css/header.css [33m404[0m 12.994 ms - 159[0m
[0mGET /users/css/footer.css [33m404[0m 19.815 ms - 159[0m
[0mGET /js/layout.js [33m404[0m 9.466 ms - 151[0m
[0mGET /users/sign-up [36m304[0m 9.201 ms - -[0m
[0mGET /users/css/header.css [33m404[0m 14.462 ms - 159[0m
[0mGET /users/css/layout.css [33m404[0m 16.863 ms - 159[0m
[0mGET /users/css/footer.css [33m404[0m 27.637 ms - 159[0m
[0mGET /js/layout.js [33m404[0m 5.888 ms - 151[0m
[0mGET /users/sign-up [36m304[0m 4.613 ms - -[0m
[0mGET /users/css/layout.css [33m404[0m 14.139 ms - 159[0m
[0mGET /users/css/header.css [33m404[0m 12.765 ms - 159[0m
[0mGET /users/css/footer.css [33m404[0m 17.159 ms - 159[0m
[0mGET /js/layout.js [33m404[0m 6.843 ms - 151[0m
[0mGET /users/sign-up [36m304[0m 3.400 ms - -[0m
[0mGET /users/css/layout.css [33m404[0m 12.723 ms - 159[0m
[0mGET /users/css/header.css [33m404[0m 19.874 ms - 159[0m
[0mGET /users/css/footer.css [33m404[0m 9.318 ms - 159[0m
[0mGET /js/layout.js [33m404[0m 16.150 ms - 151[0m
[0mGET /users/sign-up [36m304[0m 4.647 ms - -[0m
[0mGET /users/css/layout.css [33m404[0m 16.476 ms - 159[0m
[0mGET /users/css/header.css [33m404[0m 12.144 ms - 159[0m
[0mGET /users/css/footer.css [33m404[0m 12.412 ms - 159[0m
[0mGET /js/layout.js [33m404[0m 13.968 ms - 151[0m
[0mGET /users/sign-up [36m304[0m 7.773 ms - -[0m
[0mGET /users/css/layout.css [33m404[0m 12.136 ms - 159[0m
[0mGET /users/css/header.css [33m404[0m 12.360 ms - 159[0m
[0mGET /users/css/footer.css [33m404[0m 9.854 ms - 159[0m
[0mGET /js/layout.js [33m404[0m 14.480 ms - 151[0m
[0mGET /users/sign-up [36m304[0m 9.434 ms - -[0m
[0mGET /users/css/layout.css [33m404[0m 15.650 ms - 159[0m
[0mGET /users/css/header.css [33m404[0m 10.824 ms - 159[0m
[0mGET /users/css/footer.css [33m404[0m 18.804 ms - 159[0m
[0mGET /js/layout.js [33m404[0m 8.957 ms - 151[0m
[0mGET /users/sign-up [36m304[0m 3.805 ms - -[0m
[0mGET /users/css/layout.css [33m404[0m 5.755 ms - 159[0m
[0mGET /users/css/header.css [33m404[0m 5.723 ms - 159[0m
[0mGET /users/css/footer.css [33m404[0m 10.294 ms - 159[0m
[0mGET /js/layout.js [33m404[0m 9.259 ms - 151[0m
[0mGET /users/sign-up [36m304[0m 3.344 ms - -[0m
[0mGET /users/css/layout.css [33m404[0m 10.907 ms - 159[0m
[0mGET /users/css/header.css [33m404[0m 6.300 ms - 159[0m
[0mGET /users/css/footer.css [33m404[0m 13.094 ms - 159[0m
[0mGET /js/layout.js [33m404[0m 8.789 ms - 151[0m
[0mGET / [36m304[0m 140.297 ms - -[0m
[0mGET /js/layout.js [33m404[0m 4.835 ms - 151[0m
