[0mGET /users/sign-in [36m304[0m 487.238 ms - -[0m
[0mGET /users/css/layout.css [33m404[0m 5.608 ms - 159[0m
[0mGET /users/css/footer.css [33m404[0m 16.096 ms - 159[0m
[0mGET /users/css/header.css [33m404[0m 28.640 ms - 159[0m
[0mGET /js/layout.js [33m404[0m 10.558 ms - 151[0m
[0mGET /users/sign-in [36m304[0m 3.695 ms - -[0m
[0mGET /users/css/layout.css [33m404[0m 20.989 ms - 159[0m
[0mGET /users/css/footer.css [33m404[0m 13.835 ms - 159[0m
[0mGET /js/layout.js [33m404[0m 13.304 ms - 151[0m
[0mGET /users/css/header.css [33m404[0m 19.852 ms - 159[0m
[0mGET /users/sign-in [36m304[0m 6.338 ms - -[0m
[0mGET /users/css/layout.css [33m404[0m 14.009 ms - 159[0m
[0mGET /users/css/header.css [33m404[0m 8.639 ms - 159[0m
[0mGET /users/css/footer.css [33m404[0m 9.085 ms - 159[0m
[0mGET /js/layout.js [33m404[0m 9.995 ms - 151[0m
[0mGET /users/sign-in [36m304[0m 3.553 ms - -[0m
[0mGET /users/css/layout.css [33m404[0m 10.077 ms - 159[0m
[0mGET /users/css/header.css [33m404[0m 13.052 ms - 159[0m
[0mGET /users/css/footer.css [33m404[0m 11.336 ms - 159[0m
[0mGET /js/layout.js [33m404[0m 7.966 ms - 151[0m
[0mGET /users/sign-in [36m304[0m 4.016 ms - -[0m
[0mGET /users/css/layout.css [33m404[0m 8.025 ms - 159[0m
[0mGET /users/css/header.css [33m404[0m 12.686 ms - 159[0m
[0mGET /users/css/footer.css [33m404[0m 16.411 ms - 159[0m
[0mGET /js/layout.js [33m404[0m 12.498 ms - 151[0m
[0mGET /users/sign-in [36m304[0m 4.516 ms - -[0m
[0mGET /users/css/layout.css [33m404[0m 14.689 ms - 159[0m
[0mGET /users/css/header.css [33m404[0m 12.461 ms - 159[0m
[0mGET /users/css/footer.css [33m404[0m 14.772 ms - 159[0m
[0mGET /js/layout.js [33m404[0m 4.566 ms - 151[0m
[0mGET /users/sign-in [36m304[0m 7.758 ms - -[0m
[0mGET /users/css/layout.css [33m404[0m 19.641 ms - 159[0m
[0mGET /users/css/header.css [33m404[0m 13.506 ms - 159[0m
[0mGET /users/css/footer.css [33m404[0m 16.161 ms - 159[0m
[0mGET /js/layout.js [33m404[0m 7.239 ms - 151[0m
[0mGET /users/sign-in [36m304[0m 3.941 ms - -[0m
[0mGET /users/css/layout.css [33m404[0m 11.743 ms - 159[0m
[0mGET /users/css/header.css [33m404[0m 18.156 ms - 159[0m
[0mGET /users/css/footer.css [33m404[0m 10.417 ms - 159[0m
[0mGET /js/layout.js [33m404[0m 14.062 ms - 151[0m
[0mGET /users/sign-in [36m304[0m 3.161 ms - -[0m
[0mGET /users/css/layout.css [33m404[0m 11.029 ms - 159[0m
[0mGET /users/css/header.css [33m404[0m 11.008 ms - 159[0m
[0mGET /js/layout.js [33m404[0m 11.655 ms - 151[0m
[0mGET /users/css/footer.css [33m404[0m 13.976 ms - 159[0m
[0mGET /users/sign-in [36m304[0m 5.498 ms - -[0m
[0mGET /users/css/layout.css [33m404[0m 5.586 ms - 159[0m
[0mGET /users/css/header.css [33m404[0m 11.253 ms - 159[0m
[0mGET /users/css/footer.css [33m404[0m 10.400 ms - 159[0m
[0mGET /js/layout.js [33m404[0m 15.175 ms - 151[0m
[0mGET /users/sign-in [36m304[0m 3.191 ms - -[0m
[0mGET /users/css/header.css [33m404[0m 16.820 ms - 159[0m
[0mGET /users/css/layout.css [33m404[0m 7.206 ms - 159[0m
[0mGET /users/css/footer.css [33m404[0m 10.427 ms - 159[0m
[0mGET /js/layout.js [33m404[0m 4.437 ms - 151[0m
[0mGET /users/sign-in [36m304[0m 5.068 ms - -[0m
[0mGET /users/css/layout.css [33m404[0m 9.230 ms - 159[0m
[0mGET /users/css/header.css [33m404[0m 14.041 ms - 159[0m
[0mGET /users/css/footer.css [33m404[0m 12.618 ms - 159[0m
[0mGET /js/layout.js [33m404[0m 12.663 ms - 151[0m
[0mGET /users/sign-in [36m304[0m 4.981 ms - -[0m
[0mGET /users/css/layout.css [33m404[0m 13.101 ms - 159[0m
[0mGET /users/css/header.css [33m404[0m 21.323 ms - 159[0m
[0mGET /users/css/footer.css [33m404[0m 16.043 ms - 159[0m
[0mGET /js/layout.js [33m404[0m 6.968 ms - 151[0m
[0mGET /users/sign-in [36m304[0m 7.091 ms - -[0m
[0mGET /users/css/header.css [33m404[0m 20.721 ms - 159[0m
[0mGET /js/layout.js [33m404[0m 13.804 ms - 151[0m
[0mGET /users/css/footer.css [33m404[0m 14.506 ms - 159[0m
[0mGET /users/css/layout.css [33m404[0m 19.691 ms - 159[0m
[0mGET /users/sign-in [36m304[0m 4.085 ms - -[0m
[0mGET /users/css/layout.css [33m404[0m 11.556 ms - 159[0m
[0mGET /users/css/header.css [33m404[0m 11.835 ms - 159[0m
[0mGET /users/css/footer.css [33m404[0m 14.824 ms - 159[0m
[0mGET /js/layout.js [33m404[0m 8.502 ms - 151[0m
[0mGET /users/sign-in [36m304[0m 4.118 ms - -[0m
[0mGET /users/css/layout.css [33m404[0m 6.821 ms - 159[0m
[0mGET /users/css/header.css [33m404[0m 17.968 ms - 159[0m
[0mGET /users/css/footer.css [33m404[0m 12.134 ms - 159[0m
[0mGET /js/layout.js [33m404[0m 12.056 ms - 151[0m
[0mGET /users/sign-in [36m304[0m 4.768 ms - -[0m
[0mGET /users/css/layout.css [33m404[0m 12.305 ms - 159[0m
[0mGET /users/css/footer.css [33m404[0m 6.820 ms - 159[0m
[0mGET /js/layout.js [33m404[0m 9.386 ms - 151[0m
[0mGET /users/css/header.css [33m404[0m 24.739 ms - 159[0m
[0mGET /users/sign-in [36m304[0m 4.319 ms - -[0m
[0mGET /users/css/layout.css [33m404[0m 12.173 ms - 159[0m
[0mGET /users/css/header.css [33m404[0m 12.201 ms - 159[0m
[0mGET /users/css/footer.css [33m404[0m 16.412 ms - 159[0m
[0mGET /js/layout.js [33m404[0m 5.881 ms - 151[0m
[0mGET /users/sign-in [36m304[0m 4.086 ms - -[0m
[0mGET /users/css/layout.css [33m404[0m 9.654 ms - 159[0m
[0mGET /users/css/header.css [33m404[0m 20.249 ms - 159[0m
[0mGET /users/css/footer.css [33m404[0m 15.321 ms - 159[0m
[0mGET /js/layout.js [33m404[0m 8.561 ms - 151[0m
[0mGET /users/sign-in [36m304[0m 3.860 ms - -[0m
[0mGET /users/css/layout.css [33m404[0m 7.562 ms - 159[0m
[0mGET /users/css/header.css [33m404[0m 12.565 ms - 159[0m
[0mGET /users/css/footer.css [33m404[0m 8.914 ms - 159[0m
[0mGET /js/layout.js [33m404[0m 9.988 ms - 151[0m
[0mGET /users/sign-in [36m304[0m 3.469 ms - -[0m
[0mGET /users/css/layout.css [33m404[0m 11.381 ms - 159[0m
[0mGET /users/css/header.css [33m404[0m 10.691 ms - 159[0m
[0mGET /users/css/footer.css [33m404[0m 16.147 ms - 159[0m
[0mGET /js/layout.js [33m404[0m 9.313 ms - 151[0m
[0mGET /users/sign-in [36m304[0m 4.228 ms - -[0m
[0mGET /users/css/layout.css [33m404[0m 9.029 ms - 159[0m
[0mGET /users/css/header.css [33m404[0m 9.326 ms - 159[0m
[0mGET /users/css/footer.css [33m404[0m 14.644 ms - 159[0m
[0mGET /js/layout.js [33m404[0m 5.248 ms - 151[0m
[0mGET /users/sign-in [36m304[0m 3.657 ms - -[0m
[0mGET /users/css/layout.css [33m404[0m 8.879 ms - 159[0m
[0mGET /users/css/header.css [33m404[0m 16.264 ms - 159[0m
[0mGET /users/css/footer.css [33m404[0m 9.228 ms - 159[0m
[0mGET /js/layout.js [33m404[0m 9.368 ms - 151[0m
[0mGET /users/sign-in [36m304[0m 52.656 ms - -[0m
[0mGET /users/css/layout.css [33m404[0m 5.944 ms - 159[0m
[0mGET /users/css/header.css [33m404[0m 16.420 ms - 159[0m
[0mGET /users/css/footer.css [33m404[0m 10.106 ms - 159[0m
[0mGET /js/layout.js [33m404[0m 8.677 ms - 151[0m
[0mGET /users/sign-in [36m304[0m 6.136 ms - -[0m
[0mGET /users/css/layout.css [33m404[0m 7.818 ms - 159[0m
[0mGET /users/css/header.css [33m404[0m 14.678 ms - 159[0m
[0mGET /users/css/footer.css [33m404[0m 9.007 ms - 159[0m
[0mGET /js/layout.js [33m404[0m 6.562 ms - 151[0m
[0mGET /users/sign-in [36m304[0m 6.028 ms - -[0m
[0mGET /users/css/layout.css [33m404[0m 13.851 ms - 159[0m
[0mGET /users/css/header.css [33m404[0m 14.818 ms - 159[0m
[0mGET /users/css/footer.css [33m404[0m 20.806 ms - 159[0m
[0mGET /js/layout.js [33m404[0m 14.672 ms - 151[0m
[0mGET /users/sign-in [36m304[0m 4.735 ms - -[0m
[0mGET /users/css/layout.css [33m404[0m 4.108 ms - 159[0m
[0mGET /users/css/header.css [33m404[0m 10.984 ms - 159[0m
[0mGET /users/css/footer.css [33m404[0m 16.727 ms - 159[0m
[0mGET /js/layout.js [33m404[0m 15.375 ms - 151[0m
[0mGET /users/sign-in [36m304[0m 3.267 ms - -[0m
[0mGET /users/css/layout.css [33m404[0m 9.247 ms - 159[0m
[0mGET /users/css/header.css [33m404[0m 16.283 ms - 159[0m
[0mGET /users/css/footer.css [33m404[0m 11.100 ms - 159[0m
[0mGET /js/layout.js [33m404[0m 10.306 ms - 151[0m
[0mGET /users/sign-in [36m304[0m 3.975 ms - -[0m
[0mGET /users/css/layout.css [33m404[0m 12.875 ms - 159[0m
[0mGET /users/css/header.css [33m404[0m 12.992 ms - 159[0m
[0mGET /users/css/footer.css [33m404[0m 21.196 ms - 159[0m
[0mGET /js/layout.js [33m404[0m 11.157 ms - 151[0m
[0mGET /users/sign-in [36m304[0m 4.085 ms - -[0m
[0mGET /users/css/layout.css [33m404[0m 6.806 ms - 159[0m
[0mGET /users/css/header.css [33m404[0m 11.618 ms - 159[0m
[0mGET /users/css/footer.css [33m404[0m 13.530 ms - 159[0m
[0mGET /js/layout.js [33m404[0m 10.178 ms - 151[0m
[0mGET / [36m304[0m 134.990 ms - -[0m
[0mGET /js/layout.js [33m404[0m 13.098 ms - 151[0m
[0mGET /users/sign-in [36m304[0m 4.729 ms - -[0m
[0mGET /users/css/layout.css [33m404[0m 8.987 ms - 159[0m
[0mGET /users/css/header.css [33m404[0m 21.742 ms - 159[0m
[0mGET /users/css/footer.css [33m404[0m 11.719 ms - 159[0m
[0mGET /js/layout.js [33m404[0m 9.734 ms - 151[0m
[0mGET /users/sign-in [36m304[0m 4.257 ms - -[0m
[0mGET /users/css/layout.css [33m404[0m 10.286 ms - 159[0m
[0mGET /users/css/header.css [33m404[0m 17.163 ms - 159[0m
[0mGET /users/css/footer.css [33m404[0m 13.386 ms - 159[0m
[0mGET /js/layout.js [33m404[0m 9.720 ms - 151[0m
[0mGET /users/sign-in [36m304[0m 3.570 ms - -[0m
[0mGET /users/css/layout.css [33m404[0m 6.164 ms - 159[0m
[0mGET /users/css/footer.css [33m404[0m 6.127 ms - 159[0m
[0mGET /users/css/header.css [33m404[0m 8.149 ms - 159[0m
[0mGET /js/layout.js [33m404[0m 8.335 ms - 151[0m
[0mGET /users/sign-in [36m304[0m 4.494 ms - -[0m
[0mGET /users/css/layout.css [33m404[0m 5.245 ms - 159[0m
[0mGET /users/css/footer.css [33m404[0m 11.872 ms - 159[0m
[0mGET /users/css/header.css [33m404[0m 10.326 ms - 159[0m
[0mGET /js/layout.js [33m404[0m 15.037 ms - 151[0m
[0mGET /users/sign-in [36m304[0m 4.287 ms - -[0m
[0mGET /users/css/layout.css [33m404[0m 16.290 ms - 159[0m
[0mGET /users/css/header.css [33m404[0m 22.271 ms - 159[0m
[0mGET /users/css/footer.css [33m404[0m 4.138 ms - 159[0m
[0mGET /js/layout.js [33m404[0m 5.556 ms - 151[0m
[0mGET / [36m304[0m 17.384 ms - -[0m
[0mGET /js/layout.js [33m404[0m 5.090 ms - 151[0m
[0mGET / [36m304[0m 23.536 ms - -[0m
[0mGET /js/layout.js [33m404[0m 3.174 ms - 151[0m
[0mGET /users/sign-in [36m304[0m 4.590 ms - -[0m
[0mGET /users/css/layout.css [33m404[0m 17.164 ms - 159[0m
[0mGET /users/css/header.css [33m404[0m 13.895 ms - 159[0m
[0mGET /users/css/footer.css [33m404[0m 13.924 ms - 159[0m
[0mGET /js/layout.js [33m404[0m 4.472 ms - 151[0m
[0mGET /users/sign-up [36m304[0m 5.028 ms - -[0m
[0mGET /users/css/layout.css [33m404[0m 8.893 ms - 159[0m
[0mGET /users/css/header.css [33m404[0m 17.852 ms - 159[0m
[0mGET /users/css/footer.css [33m404[0m 7.380 ms - 159[0m
[0mGET /js/layout.js [33m404[0m 14.572 ms - 151[0m
[0mGET /users/sign-in [36m304[0m 4.519 ms - -[0m
[0mGET /users/css/layout.css [33m404[0m 19.703 ms - 159[0m
[0mGET /users/css/header.css [33m404[0m 10.857 ms - 159[0m
[0mGET /users/css/footer.css [33m404[0m 13.680 ms - 159[0m
[0mGET /js/layout.js [33m404[0m 6.796 ms - 151[0m
[0mGET /users/sign-in [36m304[0m 4.814 ms - -[0m
[0mGET /users/css/layout.css [33m404[0m 15.306 ms - 159[0m
[0mGET /users/css/header.css [33m404[0m 12.284 ms - 159[0m
[0mGET /users/css/footer.css [33m404[0m 15.961 ms - 159[0m
[0mGET /js/layout.js [33m404[0m 3.884 ms - 151[0m
[0mGET /users/sign-in [36m304[0m 3.216 ms - -[0m
[0mGET /users/css/layout.css [33m404[0m 6.025 ms - 159[0m
[0mGET /users/css/header.css [33m404[0m 15.122 ms - 159[0m
[0mGET /users/css/footer.css [33m404[0m 8.360 ms - 159[0m
[0mGET /js/layout.js [33m404[0m 9.503 ms - 151[0m
[0mGET / [36m304[0m 16.765 ms - -[0m
[0mGET /js/layout.js [33m404[0m 8.632 ms - 151[0m
[0mGET / [36m304[0m 13.217 ms - -[0m
[0mGET /js/layout.js [33m404[0m 5.307 ms - 151[0m
[0mGET / [36m304[0m 15.722 ms - -[0m
[0mGET /js/layout.js [33m404[0m 5.031 ms - 151[0m
[0mGET /users/sign-in [36m304[0m 5.538 ms - -[0m
[0mGET /users/css/layout.css [33m404[0m 15.107 ms - 159[0m
[0mGET /users/css/footer.css [33m404[0m 12.852 ms - 159[0m
[0mGET /users/css/header.css [33m404[0m 15.210 ms - 159[0m
[0mGET /js/layout.js [33m404[0m 7.578 ms - 151[0m
[0mGET / [36m304[0m 20.121 ms - -[0m
[0mGET /js/layout.js [33m404[0m 8.277 ms - 151[0m
[0mGET /users/sign-in [36m304[0m 3.969 ms - -[0m
[0mGET /users/css/layout.css [33m404[0m 12.513 ms - 159[0m
[0mGET /users/css/header.css [33m404[0m 17.907 ms - 159[0m
[0mGET /users/css/footer.css [33m404[0m 8.072 ms - 159[0m
[0mGET /js/layout.js [33m404[0m 14.289 ms - 151[0m
[0mGET / [36m304[0m 15.592 ms - -[0m
[0mGET /js/layout.js [33m404[0m 10.407 ms - 151[0m
[0mGET /users/sign-in [36m304[0m 6.037 ms - -[0m
[0mGET /users/css/layout.css [33m404[0m 6.074 ms - 159[0m
[0mGET /users/css/header.css [33m404[0m 8.687 ms - 159[0m
[0mGET /users/css/footer.css [33m404[0m 8.729 ms - 159[0m
[0mGET /js/layout.js [33m404[0m 12.690 ms - 151[0m
[0mGET /users/sign-in [36m304[0m 3.509 ms - -[0m
[0mGET /users/css/layout.css [33m404[0m 14.232 ms - 159[0m
[0mGET /js/layout.js [33m404[0m 12.450 ms - 151[0m
[0mGET /users/css/header.css [33m404[0m 12.221 ms - 159[0m
[0mGET /users/css/footer.css [33m404[0m 15.706 ms - 159[0m
[0mGET / [36m304[0m 16.710 ms - -[0m
[0mGET /js/layout.js [33m404[0m 8.003 ms - 151[0m
[0mGET / [36m304[0m 22.028 ms - -[0m
[0mGET /js/layout.js [33m404[0m 5.415 ms - 151[0m
[0mGET /users/sign-in [36m304[0m 3.504 ms - -[0m
[0mGET /users/css/layout.css [33m404[0m 12.479 ms - 159[0m
[0mGET /users/css/header.css [33m404[0m 13.010 ms - 159[0m
[0mGET /users/css/footer.css [33m404[0m 13.218 ms - 159[0m
[0mGET /js/layout.js [33m404[0m 12.837 ms - 151[0m
[0mGET / [36m304[0m 17.267 ms - -[0m
[0mGET /js/layout.js [33m404[0m 4.384 ms - 151[0m
[0mGET /users/sign-in [36m304[0m 4.359 ms - -[0m
[0mGET /users/css/layout.css [33m404[0m 5.944 ms - 159[0m
[0mGET /users/css/header.css [33m404[0m 16.218 ms - 159[0m
[0mGET /users/css/footer.css [33m404[0m 9.069 ms - 159[0m
[0mGET /js/layout.js [33m404[0m 7.339 ms - 151[0m
[0mGET /users/sign-in [36m304[0m 3.636 ms - -[0m
[0mGET /users/css/layout.css [33m404[0m 13.658 ms - 159[0m
[0mGET /users/css/header.css [33m404[0m 11.464 ms - 159[0m
[0mGET /users/css/footer.css [33m404[0m 13.983 ms - 159[0m
[0mGET /js/layout.js [33m404[0m 6.483 ms - 151[0m
[0mGET /users/sign-in [36m304[0m 3.231 ms - -[0m
[0mGET /users/css/layout.css [33m404[0m 7.911 ms - 159[0m
[0mGET /users/css/header.css [33m404[0m 17.528 ms - 159[0m
[0mGET /users/css/footer.css [33m404[0m 12.565 ms - 159[0m
[0mGET /js/layout.js [33m404[0m 8.928 ms - 151[0m
[0mGET /users/sign-in [36m304[0m 3.415 ms - -[0m
[0mGET /users/css/layout.css [33m404[0m 7.809 ms - 159[0m
[0mGET /users/css/header.css [33m404[0m 14.012 ms - 159[0m
[0mGET /users/css/footer.css [33m404[0m 10.296 ms - 159[0m
[0mGET /js/layout.js [33m404[0m 10.505 ms - 151[0m
[0mGET /users/sign-in [36m304[0m 3.337 ms - -[0m
[0mGET /users/css/layout.css [33m404[0m 8.169 ms - 159[0m
[0mGET /users/css/header.css [33m404[0m 17.702 ms - 159[0m
[0mGET /users/css/footer.css [33m404[0m 11.213 ms - 159[0m
[0mGET /js/layout.js [33m404[0m 12.229 ms - 151[0m
[0mGET /users/sign-in [36m304[0m 3.699 ms - -[0m
[0mGET /users/css/layout.css [33m404[0m 14.714 ms - 159[0m
[0mGET /users/css/header.css [33m404[0m 11.975 ms - 159[0m
[0mGET /users/css/footer.css [33m404[0m 12.122 ms - 159[0m
[0mGET /js/layout.js [33m404[0m 14.141 ms - 151[0m
[0mGET /users/sign-in [36m304[0m 5.190 ms - -[0m
[0mGET /users/css/layout.css [33m404[0m 10.817 ms - 159[0m
[0mGET /users/css/header.css [33m404[0m 10.517 ms - 159[0m
[0mGET /users/css/footer.css [33m404[0m 16.712 ms - 159[0m
[0mGET /js/layout.js [33m404[0m 7.322 ms - 151[0m
[0mGET /users/sign-in [36m304[0m 6.029 ms - -[0m
[0mGET /users/css/layout.css [33m404[0m 5.172 ms - 159[0m
[0mGET /users/css/header.css [33m404[0m 14.394 ms - 159[0m
[0mGET /users/css/footer.css [33m404[0m 16.564 ms - 159[0m
[0mGET /js/layout.js [33m404[0m 13.145 ms - 151[0m
[0mGET /users/sign-in [36m304[0m 3.431 ms - -[0m
[0mGET /users/css/layout.css [33m404[0m 4.880 ms - 159[0m
[0mGET /users/css/footer.css [33m404[0m 7.100 ms - 159[0m
[0mGET /users/css/header.css [33m404[0m 9.662 ms - 159[0m
[0mGET /js/layout.js [33m404[0m 4.643 ms - 151[0m
[0mGET / [36m304[0m 29.962 ms - -[0m
[0mGET /js/layout.js [33m404[0m 3.737 ms - 151[0m
[0mGET /users/sign-in [36m304[0m 4.592 ms - -[0m
[0mGET /users/css/layout.css [33m404[0m 14.353 ms - 159[0m
[0mGET /users/css/header.css [33m404[0m 7.814 ms - 159[0m
[0mGET /js/layout.js [33m404[0m 9.495 ms - 151[0m
[0mGET /users/css/footer.css [33m404[0m 12.581 ms - 159[0m
[0mGET / [36m304[0m 26.124 ms - -[0m
[0mGET /js/layout.js [33m404[0m 13.105 ms - 151[0m
[0mGET /users/sign-in [36m304[0m 4.699 ms - -[0m
[0mGET /users/css/layout.css [33m404[0m 8.058 ms - 159[0m
[0mGET /users/css/header.css [33m404[0m 13.535 ms - 159[0m
[0mGET /users/css/footer.css [33m404[0m 11.716 ms - 159[0m
[0mGET /js/layout.js [33m404[0m 7.422 ms - 151[0m
[0mGET /users/sign-up [36m304[0m 4.483 ms - -[0m
[0mGET /users/css/layout.css [33m404[0m 7.592 ms - 159[0m
[0mGET /users/css/header.css [33m404[0m 18.871 ms - 159[0m
[0mGET /users/css/footer.css [33m404[0m 12.009 ms - 159[0m
[0mGET /js/layout.js [33m404[0m 8.186 ms - 151[0m
[0mGET /users/sign-up [36m304[0m 4.207 ms - -[0m
[0mGET /users/css/header.css [33m404[0m 6.182 ms - 159[0m
[0mGET /users/css/layout.css [33m404[0m 5.802 ms - 159[0m
[0mGET /users/css/footer.css [33m404[0m 7.017 ms - 159[0m
[0mGET /js/layout.js [33m404[0m 4.269 ms - 151[0m
[0mGET /users/sign-up [36m304[0m 3.452 ms - -[0m
[0mGET /users/css/layout.css [33m404[0m 7.592 ms - 159[0m
[0mGET /users/css/header.css [33m404[0m 11.694 ms - 159[0m
[0mGET /users/css/footer.css [33m404[0m 11.009 ms - 159[0m
[0mGET /js/layout.js [33m404[0m 12.549 ms - 151[0m
[0mGET /users/sign-up [36m304[0m 3.646 ms - -[0m
[0mGET /users/css/layout.css [33m404[0m 14.957 ms - 159[0m
[0mGET /users/css/header.css [33m404[0m 10.261 ms - 159[0m
[0mGET /js/layout.js [33m404[0m 9.942 ms - 151[0m
[0mGET /users/css/footer.css [33m404[0m 16.602 ms - 159[0m
[0mGET /users/sign-up [36m304[0m 4.228 ms - -[0m
[0mGET /users/css/layout.css [33m404[0m 8.424 ms - 159[0m
[0mGET /users/css/header.css [33m404[0m 13.040 ms - 159[0m
[0mGET /users/css/footer.css [33m404[0m 13.105 ms - 159[0m
[0mGET /js/layout.js [33m404[0m 10.786 ms - 151[0m
[0mGET /users/sign-up [36m304[0m 4.094 ms - -[0m
[0mGET /users/css/layout.css [33m404[0m 5.440 ms - 159[0m
[0mGET /users/css/header.css [33m404[0m 11.396 ms - 159[0m
[0mGET /users/css/footer.css [33m404[0m 11.480 ms - 159[0m
[0mGET /js/layout.js [33m404[0m 7.039 ms - 151[0m
[0mGET /users/sign-up [36m304[0m 5.063 ms - -[0m
[0mGET /users/css/layout.css [33m404[0m 4.778 ms - 159[0m
[0mGET /users/css/header.css [33m404[0m 10.778 ms - 159[0m
[0mGET /users/css/footer.css [33m404[0m 11.084 ms - 159[0m
[0mGET /js/layout.js [33m404[0m 12.913 ms - 151[0m
[0mGET / [36m304[0m 22.597 ms - -[0m
[0mGET /js/layout.js [33m404[0m 4.473 ms - 151[0m
[0mGET /users/sign-in [36m304[0m 5.714 ms - -[0m
[0mGET /users/css/layout.css [33m404[0m 8.543 ms - 159[0m
[0mGET /users/css/header.css [33m404[0m 8.597 ms - 159[0m
[0mGET /users/css/footer.css [33m404[0m 11.201 ms - 159[0m
[0mGET /js/layout.js [33m404[0m 9.108 ms - 151[0m
[0mGET /users/sign-in [36m304[0m 5.016 ms - -[0m
[0mGET /users/css/layout.css [33m404[0m 5.239 ms - 159[0m
[0mGET /users/css/header.css [33m404[0m 6.050 ms - 159[0m
[0mGET /users/css/footer.css [33m404[0m 6.940 ms - 159[0m
[0mGET /js/layout.js [33m404[0m 10.370 ms - 151[0m
[0mGET /users/sign-up [36m304[0m 4.446 ms - -[0m
[0mGET /users/css/layout.css [33m404[0m 14.585 ms - 159[0m
[0mGET /users/css/header.css [33m404[0m 12.704 ms - 159[0m
[0mGET /users/css/footer.css [33m404[0m 14.061 ms - 159[0m
[0mGET /js/layout.js [33m404[0m 4.110 ms - 151[0m
[0mGET /users/sign-up [36m304[0m 3.418 ms - -[0m
[0mGET /users/css/layout.css [33m404[0m 19.598 ms - 159[0m
[0mGET /users/css/header.css [33m404[0m 12.781 ms - 159[0m
[0mGET /js/layout.js [33m404[0m 13.633 ms - 151[0m
[0mGET /users/css/footer.css [33m404[0m 15.713 ms - 159[0m
[0mGET /users/sign-up [36m304[0m 3.547 ms - -[0m
[0mGET /users/css/layout.css [33m404[0m 7.436 ms - 159[0m
[0mGET /users/css/header.css [33m404[0m 12.546 ms - 159[0m
[0mGET /users/css/footer.css [33m404[0m 14.343 ms - 159[0m
[0mGET /js/layout.js [33m404[0m 21.120 ms - 151[0m
[0mGET /users/sign-up [36m304[0m 5.529 ms - -[0m
[0mGET /users/css/layout.css [33m404[0m 15.820 ms - 159[0m
[0mGET /users/css/footer.css [33m404[0m 13.533 ms - 159[0m
[0mGET /users/css/header.css [33m404[0m 14.446 ms - 159[0m
[0mGET /js/layout.js [33m404[0m 16.614 ms - 151[0m
[0mGET /users/sign-up [36m304[0m 3.379 ms - -[0m
[0mGET /js/layout.js [33m404[0m 16.595 ms - 151[0m
[0mGET /users/css/layout.css [33m404[0m 9.617 ms - 159[0m
[0mGET /users/css/header.css [33m404[0m 8.140 ms - 159[0m
[0mGET /users/css/footer.css [33m404[0m 10.977 ms - 159[0m
[0mGET /users/sign-up [36m304[0m 4.719 ms - -[0m
[0mGET /users/css/layout.css [33m404[0m 9.218 ms - 159[0m
[0mGET /users/css/header.css [33m404[0m 13.875 ms - 159[0m
[0mGET /users/css/footer.css [33m404[0m 12.881 ms - 159[0m
[0mGET /js/layout.js [33m404[0m 12.498 ms - 151[0m
[0mGET /users/sign-up [36m304[0m 3.287 ms - -[0m
[0mGET /users/css/layout.css [33m404[0m 9.938 ms - 159[0m
[0mGET /users/css/header.css [33m404[0m 16.891 ms - 159[0m
[0mGET /users/css/footer.css [33m404[0m 4.701 ms - 159[0m
[0mGET /js/layout.js [33m404[0m 10.490 ms - 151[0m
[0mGET /users/sign-up [36m304[0m 3.742 ms - -[0m
[0mGET /users/css/layout.css [33m404[0m 18.531 ms - 159[0m
[0mGET /users/css/header.css [33m404[0m 15.910 ms - 159[0m
[0mGET /users/css/footer.css [33m404[0m 19.637 ms - 159[0m
[0mGET /js/layout.js [33m404[0m 4.324 ms - 151[0m
[0mGET /users/sign-up [36m304[0m 3.180 ms - -[0m
[0mGET /users/css/layout.css [33m404[0m 4.295 ms - 159[0m
[0mGET /users/css/header.css [33m404[0m 10.285 ms - 159[0m
[0mGET /users/css/footer.css [33m404[0m 18.744 ms - 159[0m
[0mGET /js/layout.js [33m404[0m 18.745 ms - 151[0m
[0mGET /users/sign-up [36m304[0m 3.503 ms - -[0m
[0mGET /users/css/layout.css [33m404[0m 12.825 ms - 159[0m
[0mGET /users/css/header.css [33m404[0m 9.806 ms - 159[0m
[0mGET /users/css/footer.css [33m404[0m 16.490 ms - 159[0m
[0mGET /js/layout.js [33m404[0m 9.349 ms - 151[0m
[0mGET /users/sign-up [36m304[0m 3.352 ms - -[0m
[0mGET /users/css/layout.css [33m404[0m 7.956 ms - 159[0m
[0mGET /users/css/header.css [33m404[0m 14.231 ms - 159[0m
[0mGET /users/css/footer.css [33m404[0m 11.957 ms - 159[0m
[0mGET /js/layout.js [33m404[0m 12.833 ms - 151[0m
[0mGET /users/sign-up [36m304[0m 4.223 ms - -[0m
[0mGET /users/css/layout.css [33m404[0m 7.083 ms - 159[0m
[0mGET /users/css/header.css [33m404[0m 9.841 ms - 159[0m
[0mGET /users/css/footer.css [33m404[0m 9.554 ms - 159[0m
[0mGET /js/layout.js [33m404[0m 15.605 ms - 151[0m
[0mGET / [36m304[0m 15.246 ms - -[0m
[0mGET /js/layout.js [33m404[0m 5.082 ms - 151[0m
[0mGET / [36m304[0m 12.765 ms - -[0m
[0mGET /js/layout.js [33m404[0m 4.205 ms - 151[0m
[0mGET / [36m304[0m 15.198 ms - -[0m
[0mGET /js/layout.js [33m404[0m 3.826 ms - 151[0m
[0mGET / [36m304[0m 18.154 ms - -[0m
[0mGET /js/layout.js [33m404[0m 3.387 ms - 151[0m
[0mGET / [36m304[0m 24.721 ms - -[0m
[0mGET /js/layout.js [33m404[0m 4.079 ms - 151[0m
[0mGET / [36m304[0m 15.875 ms - -[0m
[0mGET /js/layout.js [33m404[0m 3.197 ms - 151[0m
[0mGET /users/sign-in [36m304[0m 4.845 ms - -[0m
[0mGET /users/css/layout.css [33m404[0m 8.396 ms - 159[0m
[0mGET /users/css/header.css [33m404[0m 12.874 ms - 159[0m
[0mGET /users/css/footer.css [33m404[0m 15.651 ms - 159[0m
[0mGET /js/layout.js [33m404[0m 5.429 ms - 151[0m
[0mPOST /users/create-session [36m302[0m 25.195 ms - 46[0m
[0mGET / [32m200[0m 21.113 ms - 9332[0m
[0mGET /js/layout.js [33m404[0m 13.071 ms - 151[0m
[0mPOST /posts/createPost [32m200[0m 39.163 ms - 278[0m
[0mPOST /posts/createPost [32m200[0m 39.377 ms - 278[0m
[0mGET / [32m200[0m 30.977 ms - 12281[0m
[0mGET /js/layout.js [33m404[0m 9.526 ms - 151[0m
[0mGET /posts/destroyPost/64dc7b47cd856d4685542a89 [36m302[0m 20.939 ms - 88[0m
[0mGET / [32m200[0m 22.940 ms - 10704[0m
[0mGET /js/layout.js [33m404[0m 7.189 ms - 151[0m
[0mPOST /likes/toggle/?id=64dc7b47cd856d4685542a8b&type=Post [32m200[0m 22.614 ms - 59[0m
[0mPOST /likes/toggle/?id=64d70d69110c1f593237d6db&type=Post [32m200[0m 10.054 ms - 59[0m
[0mPOST /likes/toggle/?id=64d70acc110c1f593237d633&type=Post [32m200[0m 20.123 ms - 59[0m
[0mPOST /likes/toggle/?id=64d70ca5110c1f593237d6bf&type=Comment [32m200[0m 10.284 ms - 59[0m
[0mPOST /likes/toggle/?id=64d70d84110c1f593237d6f1&type=Comment [32m200[0m 10.036 ms - 59[0m
[0mGET /posts/destroyPost/64dc7b47cd856d4685542a8b [36m302[0m 16.716 ms - 88[0m
[0mGET / [32m200[0m 26.372 ms - 9127[0m
[0mGET /js/layout.js [33m404[0m 6.878 ms - 151[0m
[0mGET /users/sign-out [36m302[0m 8.895 ms - 46[0m
[0mGET / [32m200[0m 22.659 ms - 6751[0m
[0mGET /js/layout.js [33m404[0m 4.288 ms - 151[0m
[0mGET / [32m200[0m 20.639 ms - 6541[0m
[0mGET /js/layout.js [33m404[0m 4.899 ms - 151[0m
[0mGET /users/sign-in [36m304[0m 4.335 ms - -[0m
[0mGET /users/css/layout.css [33m404[0m 12.562 ms - 159[0m
[0mGET /users/css/header.css [33m404[0m 15.247 ms - 159[0m
[0mGET /users/css/footer.css [33m404[0m 11.080 ms - 159[0m
[0mGET /js/layout.js [33m404[0m 8.679 ms - 151[0m
[0mGET / [36m304[0m 18.678 ms - -[0m
[0mGET /js/layout.js [33m404[0m 25.055 ms - 151[0m
[0mGET /users/sign-up [36m304[0m 4.818 ms - -[0m
[0mGET /users/css/layout.css [33m404[0m 17.596 ms - 159[0m
[0mGET /users/css/header.css [33m404[0m 10.655 ms - 159[0m
[0mGET /users/css/footer.css [33m404[0m 11.911 ms - 159[0m
[0mGET /js/layout.js [33m404[0m 12.102 ms - 151[0m
[0mGET / [36m304[0m 21.492 ms - -[0m
[0mGET /js/layout.js [33m404[0m 9.952 ms - 151[0m
[0mGET /js/layout.js [33m404[0m 43.503 ms - 151[0m
